Fri May 05 19:00:17 Saved as file C:\DOCUMENTS AND SETTINGS\TASOS\DESKTOP\3\LAYOUT 2 LAYERS\DESIGN1.MAX
Fri May 05 19:00:17 Saved as file BACKUP1.MAX
Fri May 05 19:00:17 Saved as file C:\DOCUMENTS AND SETTINGS\TASOS\DESKTOP\3\LAYOUT 2 LAYERS\DESIGN1.MAX
Fri May 05 19:00:17 UserDiv from Layout.INI for AutoECO: 60
Fri May 05 19:00:17 Loaded file C:\DOCUMENTS AND SETTINGS\TASOS\DESKTOP\3\LAYOUT 2 LAYERS\DESIGN1.MAX
Fri May 05 19:00:17 Loaded file C:\ORCADWIN\LAYOUT\LIBRARY\TO.LLB
Fri May 05 19:00:17 Loaded file C:\ORCADWIN\LAYOUT\LIBRARY\SOJ.LLB
Fri May 05 19:00:17 Loaded file C:\ORCADWIN\LAYOUT\LIBRARY\DIP100T.LLB
Fri May 05 19:00:17 Loaded file C:\ORCADWIN\LAYOUT\LIBRARY\DIP100B.LLB
Fri May 05 19:00:17 Loaded file C:\ORCADWIN\LAYOUT\LIBRARY\DSUBT.LLB
Fri May 05 19:00:17 Loaded file C:\ORCADWIN\LAYOUT\LIBRARY\JUMPER.LLB
Fri May 05 19:00:17 Loaded file C:\ORCADWIN\LAYOUT\LIBRARY\SM.LLB
Fri May 05 19:00:17 Loaded file C:\ORCADWIN\LAYOUT\LIBRARY\TM_CAP_P.LLB
Fri May 05 19:00:17 Loaded file C:\ORCADWIN\LAYOUT\library\sheet05.llb
Fri May 05 19:00:17 Loaded file C:\ORCADWIN\LAYOUT\LIBRARY\TO.LLB
Fri May 05 19:00:17 Loaded file C:\ORCADWIN\LAYOUT\LIBRARY\SOJ.LLB
Fri May 05 19:00:17 Loaded file C:\ORCADWIN\LAYOUT\LIBRARY\DIP100T.LLB
Fri May 05 19:00:17 Loaded file C:\ORCADWIN\LAYOUT\LIBRARY\DIP100B.LLB
Fri May 05 19:00:17 Loaded file C:\ORCADWIN\LAYOUT\LIBRARY\DSUBT.LLB
Fri May 05 19:00:17 Loaded file C:\ORCADWIN\LAYOUT\LIBRARY\JUMPER.LLB
Fri May 05 19:00:17 Loaded file C:\ORCADWIN\LAYOUT\LIBRARY\SM.LLB
Fri May 05 19:00:17 Loaded file C:\ORCADWIN\LAYOUT\LIBRARY\TM_CAP_P.LLB
Fri May 05 19:00:17 Loaded file C:\ORCADWIN\LAYOUT\library\sheet05.llb
Fri May 05 19:00:17 Unable to find Alternate Footprint: SOG.050/14/WG.244/L.375
Fri May 05 19:00:17 Loaded file C:\ORCADWIN\LAYOUT\LIBRARY\DIP100T.LLB
Fri May 05 19:00:17 Loaded file C:\ORCADWIN\LAYOUT\LIBRARY\TO.LLB
Fri May 05 19:00:17 Loaded file C:\ORCADWIN\LAYOUT\LIBRARY\SOJ.LLB
Fri May 05 19:00:17 Loaded file C:\ORCADWIN\LAYOUT\LIBRARY\DIP100T.LLB
Fri May 05 19:00:17 Loaded file C:\ORCADWIN\LAYOUT\LIBRARY\DIP100B.LLB
Fri May 05 19:00:17 Loaded file C:\ORCADWIN\LAYOUT\LIBRARY\DSUBT.LLB
Fri May 05 19:00:17 Loaded file C:\ORCADWIN\LAYOUT\LIBRARY\JUMPER.LLB
Fri May 05 19:00:17 Loaded file C:\ORCADWIN\LAYOUT\LIBRARY\SM.LLB
Fri May 05 19:00:17 Loaded file C:\ORCADWIN\LAYOUT\LIBRARY\TM_CAP_P.LLB
Fri May 05 19:00:17 Loaded file C:\ORCADWIN\LAYOUT\library\sheet05.llb
Fri May 05 19:00:17 Unable to find Alternate Footprint: SOG.050/14/WG.244/L.375
Fri May 05 19:00:17 Loaded file C:\ORCADWIN\LAYOUT\LIBRARY\TO.LLB
Fri May 05 19:00:17 Loaded file C:\ORCADWIN\LAYOUT\LIBRARY\SOJ.LLB
Fri May 05 19:00:17 Loaded file C:\ORCADWIN\LAYOUT\LIBRARY\DIP100T.LLB
Fri May 05 19:00:17 Loaded file C:\ORCADWIN\LAYOUT\LIBRARY\DIP100B.LLB
Fri May 05 19:00:17 Loaded file C:\ORCADWIN\LAYOUT\LIBRARY\DSUBT.LLB
Fri May 05 19:00:17 Loaded file C:\ORCADWIN\LAYOUT\LIBRARY\JUMPER.LLB
Fri May 05 19:00:17 Loaded file C:\ORCADWIN\LAYOUT\LIBRARY\SM.LLB
Fri May 05 19:00:17 Loaded file C:\ORCADWIN\LAYOUT\LIBRARY\TM_CAP_P.LLB
Fri May 05 19:00:17 Loaded file C:\ORCADWIN\LAYOUT\library\sheet05.llb
Fri May 05 19:00:17 Unable to find Alternate Footprint: SOG.050/14/WG.244/L.375
Fri May 05 19:00:17 Loaded file C:\ORCADWIN\LAYOUT\LIBRARY\TO.LLB
Fri May 05 19:00:17 Loaded file C:\ORCADWIN\LAYOUT\LIBRARY\SOJ.LLB
Fri May 05 19:00:17 Loaded file C:\ORCADWIN\LAYOUT\LIBRARY\DIP100T.LLB
Fri May 05 19:00:17 Loaded file C:\ORCADWIN\LAYOUT\LIBRARY\DIP100B.LLB
Fri May 05 19:00:17 Loaded file C:\ORCADWIN\LAYOUT\LIBRARY\DSUBT.LLB
Fri May 05 19:00:17 Loaded file C:\ORCADWIN\LAYOUT\LIBRARY\JUMPER.LLB
Fri May 05 19:00:17 Loaded file C:\ORCADWIN\LAYOUT\LIBRARY\SM.LLB
Fri May 05 19:00:17 Loaded file C:\ORCADWIN\LAYOUT\LIBRARY\TM_CAP_P.LLB
Fri May 05 19:00:17 Loaded file C:\ORCADWIN\LAYOUT\library\sheet05.llb
Fri May 05 19:00:17 Unable to find Alternate Footprint: SOG.050/14/WG.244/L.375
Fri May 05 19:00:17 Loaded file C:\ORCADWIN\LAYOUT\LIBRARY\TO.LLB
Fri May 05 19:00:17 Loaded file C:\ORCADWIN\LAYOUT\LIBRARY\SOJ.LLB
Fri May 05 19:00:17 Loaded file C:\ORCADWIN\LAYOUT\LIBRARY\DIP100T.LLB
Fri May 05 19:00:17 Loaded file C:\ORCADWIN\LAYOUT\LIBRARY\DIP100B.LLB
Fri May 05 19:00:17 Loaded file C:\ORCADWIN\LAYOUT\LIBRARY\DSUBT.LLB
Fri May 05 19:00:17 Loaded file C:\ORCADWIN\LAYOUT\LIBRARY\JUMPER.LLB
Fri May 05 19:00:17 Loaded file C:\ORCADWIN\LAYOUT\LIBRARY\SM.LLB
Fri May 05 19:00:17 Loaded file C:\ORCADWIN\LAYOUT\LIBRARY\TM_CAP_P.LLB
Fri May 05 19:00:17 Loaded file C:\ORCADWIN\LAYOUT\library\sheet05.llb
Fri May 05 19:00:17 Unable to find Alternate Footprint: SOG.050/14/WG.244/L.375
Fri May 05 19:00:17 Loaded file C:\ORCADWIN\LAYOUT\LIBRARY\TO.LLB
Fri May 05 19:00:18 Loaded file C:\ORCADWIN\LAYOUT\LIBRARY\SOJ.LLB
Fri May 05 19:00:18 Loaded file C:\ORCADWIN\LAYOUT\LIBRARY\DIP100T.LLB
Fri May 05 19:00:18 Loaded file C:\ORCADWIN\LAYOUT\LIBRARY\DIP100B.LLB
Fri May 05 19:00:18 Loaded file C:\ORCADWIN\LAYOUT\LIBRARY\DSUBT.LLB
Fri May 05 19:00:18 Loaded file C:\ORCADWIN\LAYOUT\LIBRARY\JUMPER.LLB
Fri May 05 19:00:18 Loaded file C:\ORCADWIN\LAYOUT\LIBRARY\SM.LLB
Fri May 05 19:00:18 Loaded file C:\ORCADWIN\LAYOUT\LIBRARY\TM_CAP_P.LLB
Fri May 05 19:00:18 Loaded file C:\ORCADWIN\LAYOUT\library\sheet05.llb
Fri May 05 19:00:18 Unable to find Alternate Footprint: SOG.050/14/WG.244/L.375
Fri May 05 19:00:18 Loaded file C:\ORCADWIN\LAYOUT\LIBRARY\TO.LLB
Fri May 05 19:00:18 Loaded file C:\ORCADWIN\LAYOUT\LIBRARY\SOJ.LLB
Fri May 05 19:00:18 Loaded file C:\ORCADWIN\LAYOUT\LIBRARY\DIP100T.LLB
Fri May 05 19:00:18 Loaded file C:\ORCADWIN\LAYOUT\LIBRARY\DIP100B.LLB
Fri May 05 19:00:18 Loaded file C:\ORCADWIN\LAYOUT\LIBRARY\DSUBT.LLB
Fri May 05 19:00:18 Loaded file C:\ORCADWIN\LAYOUT\LIBRARY\JUMPER.LLB
Fri May 05 19:00:18 Loaded file C:\ORCADWIN\LAYOUT\LIBRARY\SM.LLB
Fri May 05 19:00:18 Loaded file C:\ORCADWIN\LAYOUT\LIBRARY\TM_CAP_P.LLB
Fri May 05 19:00:18 Loaded file C:\ORCADWIN\LAYOUT\library\sheet05.llb
Fri May 05 19:00:18 Unable to find Alternate Footprint: SOG.050/14/WG.244/L.375
Fri May 05 19:00:18 Loaded file C:\ORCADWIN\LAYOUT\LIBRARY\TO.LLB
Fri May 05 19:00:18 Loaded file C:\ORCADWIN\LAYOUT\LIBRARY\SOJ.LLB
Fri May 05 19:00:18 Loaded file C:\ORCADWIN\LAYOUT\LIBRARY\DIP100T.LLB
Fri May 05 19:00:18 Loaded file C:\ORCADWIN\LAYOUT\LIBRARY\DIP100B.LLB
Fri May 05 19:00:18 Loaded file C:\ORCADWIN\LAYOUT\LIBRARY\DSUBT.LLB
Fri May 05 19:00:18 Loaded file C:\ORCADWIN\LAYOUT\LIBRARY\JUMPER.LLB
Fri May 05 19:00:18 Loaded file C:\ORCADWIN\LAYOUT\LIBRARY\SM.LLB
Fri May 05 19:00:18 Loaded file C:\ORCADWIN\LAYOUT\LIBRARY\TM_CAP_P.LLB
Fri May 05 19:00:18 Loaded file C:\ORCADWIN\LAYOUT\library\sheet05.llb
Fri May 05 19:00:18 Unable to find Alternate Footprint: SOG.050/14/WG.244/L.375
Fri May 05 19:00:18 Loaded file C:\ORCADWIN\LAYOUT\LIBRARY\TO.LLB
Fri May 05 19:00:18 Loaded file C:\ORCADWIN\LAYOUT\LIBRARY\SOJ.LLB
Fri May 05 19:00:18 Loaded file C:\ORCADWIN\LAYOUT\LIBRARY\DIP100T.LLB
Fri May 05 19:00:18 Loaded file C:\ORCADWIN\LAYOUT\LIBRARY\DIP100B.LLB
Fri May 05 19:00:18 Loaded file C:\ORCADWIN\LAYOUT\LIBRARY\DSUBT.LLB
Fri May 05 19:00:18 Loaded file C:\ORCADWIN\LAYOUT\LIBRARY\JUMPER.LLB
Fri May 05 19:00:18 Loaded file C:\ORCADWIN\LAYOUT\LIBRARY\SM.LLB
Fri May 05 19:00:18 Loaded file C:\ORCADWIN\LAYOUT\LIBRARY\TM_CAP_P.LLB
Fri May 05 19:00:18 Loaded file C:\ORCADWIN\LAYOUT\library\sheet05.llb
Fri May 05 19:00:18 Unable to find Alternate Footprint: SOG.050/14/WG.244/L.375
Fri May 05 19:00:18 Loaded file C:\ORCADWIN\LAYOUT\LIBRARY\TO.LLB
Fri May 05 19:00:18 Loaded file C:\ORCADWIN\LAYOUT\LIBRARY\SOJ.LLB
Fri May 05 19:00:18 Loaded file C:\ORCADWIN\LAYOUT\LIBRARY\DIP100T.LLB
Fri May 05 19:00:18 Loaded file C:\ORCADWIN\LAYOUT\LIBRARY\DIP100B.LLB
Fri May 05 19:00:18 Loaded file C:\ORCADWIN\LAYOUT\LIBRARY\DSUBT.LLB
Fri May 05 19:00:18 Loaded file C:\ORCADWIN\LAYOUT\LIBRARY\JUMPER.LLB
Fri May 05 19:00:18 Loaded file C:\ORCADWIN\LAYOUT\LIBRARY\SM.LLB
Fri May 05 19:00:18 Loaded file C:\ORCADWIN\LAYOUT\LIBRARY\TM_CAP_P.LLB
Fri May 05 19:00:18 Loaded file C:\ORCADWIN\LAYOUT\library\sheet05.llb
Fri May 05 19:00:18 Unable to find Alternate Footprint: SOG.050/14/WG.244/L.375
Fri May 05 19:00:18 Loaded file C:\ORCADWIN\LAYOUT\LIBRARY\TO.LLB
Fri May 05 19:00:18 Loaded file C:\ORCADWIN\LAYOUT\LIBRARY\SOJ.LLB
Fri May 05 19:00:18 Loaded file C:\ORCADWIN\LAYOUT\LIBRARY\DIP100T.LLB
Fri May 05 19:00:18 Loaded file C:\ORCADWIN\LAYOUT\LIBRARY\DIP100B.LLB
Fri May 05 19:00:18 Loaded file C:\ORCADWIN\LAYOUT\LIBRARY\DSUBT.LLB
Fri May 05 19:00:18 Loaded file C:\ORCADWIN\LAYOUT\LIBRARY\JUMPER.LLB
Fri May 05 19:00:18 Loaded file C:\ORCADWIN\LAYOUT\LIBRARY\SM.LLB
Fri May 05 19:00:18 Loaded file C:\ORCADWIN\LAYOUT\LIBRARY\TM_CAP_P.LLB
Fri May 05 19:00:18 Loaded file C:\ORCADWIN\LAYOUT\library\sheet05.llb
Fri May 05 19:00:18 Unable to find Alternate Footprint: SOG.050/14/WG.244/L.375
Fri May 05 19:00:18 Loaded file C:\ORCADWIN\LAYOUT\LIBRARY\TO.LLB
Fri May 05 19:00:18 Loaded file C:\ORCADWIN\LAYOUT\LIBRARY\SOJ.LLB
Fri May 05 19:00:18 Loaded file C:\ORCADWIN\LAYOUT\LIBRARY\DIP100T.LLB
Fri May 05 19:00:18 Loaded file C:\ORCADWIN\LAYOUT\LIBRARY\DIP100B.LLB
Fri May 05 19:00:18 Loaded file C:\ORCADWIN\LAYOUT\LIBRARY\DSUBT.LLB
Fri May 05 19:00:18 Loaded file C:\ORCADWIN\LAYOUT\LIBRARY\JUMPER.LLB
Fri May 05 19:00:18 Loaded file C:\ORCADWIN\LAYOUT\LIBRARY\SM.LLB
Fri May 05 19:00:18 Loaded file C:\ORCADWIN\LAYOUT\LIBRARY\TM_CAP_P.LLB
Fri May 05 19:00:18 Loaded file C:\ORCADWIN\LAYOUT\library\sheet05.llb
Fri May 05 19:00:18 Unable to find Alternate Footprint: SOG.050/14/WG.244/L.375
Fri May 05 19:00:18 Saved as file C:\DOCUMENTS AND SETTINGS\TASOS\DESKTOP\3\LAYOUT 2 LAYERS\DESIGN1.MAX
Fri May 05 19:00:18 Loaded file C:\DOCUMENTS AND SETTINGS\TASOS\DESKTOP\3\LAYOUT 2 LAYERS\DESIGN1.MAX
Fri May 05 19:00:23 Saved as file PLACE1.MAX
Fri May 05 19:00:23 Saved as file PLACE2.MAX
Fri May 05 19:00:23 Saved as file PLACE3.MAX
Fri May 05 19:00:23 Batch place completed in 00:00:00
Fri May 05 19:00:26 Saved as file BACKUP1.MAX
Fri May 05 19:00:26 Saved as file BACKUP1.MAX
Fri May 05 19:00:26 Saved as file BACKUP1.MAX
Fri May 05 19:00:26 Routed 11 connections in 0 seconds.
Fri May 05 19:00:26 Total is now 11 out of 42 (26%).
Fri May 05 19:00:26 Saved as file SWEEP1.MAX
Fri May 05 19:00:26 Saved as file BACKUP1.MAX
Fri May 05 19:00:27 Saved as file BACKUP1.MAX
Fri May 05 19:00:27 Saved as file BACKUP1.MAX
Fri May 05 19:00:27 Routed 31 connections in 0 seconds.
Fri May 05 19:00:27 Total is now 42 out of 42 (100%).
Fri May 05 19:00:27 Saved as file SWEEP2.MAX
Fri May 05 19:00:27 No new connections routed.
Fri May 05 19:00:27 Total is now 42 out of 42 (100%).
Fri May 05 19:00:27 Saved as file SWEEP3.MAX
Fri May 05 19:00:27 No new connections routed.
Fri May 05 19:00:27 Total is now 42 out of 42 (100%).
Fri May 05 19:00:27 Saved as file SWEEP4.MAX
Fri May 05 19:00:27 No new connections routed.
Fri May 05 19:00:27 Total is now 42 out of 42 (100%).
Fri May 05 19:00:27 Saved as file SWEEP5.MAX
Fri May 05 19:00:39 Saved as file C:\DOCUMENTS AND SETTINGS\TASOS\DESKTOP\3\LAYOUT 2 LAYERS\DESIGN1.MAX
Fri May 05 19:00:55 Loaded file C:\DOCUMENTS AND SETTINGS\TASOS\DESKTOP\3\LAYOUT 2 LAYERS\DESIGN1.MAX
Fri May 05 20:30:13 Saved as file C:\DOCUMENTS AND SETTINGS\TASOS\DESKTOP\3\LAYOUT 2 LAYERS\DESIGN1.MAX
Fri May 05 20:30:13 Saved as file BACKUP1.MAX
Fri May 05 20:30:13 Saved as file C:\DOCUMENTS AND SETTINGS\TASOS\DESKTOP\3\LAYOUT 2 LAYERS\DESIGN1.MAX
Fri May 05 20:30:13 UserDiv from Layout.INI for AutoECO: 60
Fri May 05 20:30:13 Loaded file C:\DOCUMENTS AND SETTINGS\TASOS\DESKTOP\3\LAYOUT 2 LAYERS\DESIGN1.MAX
Fri May 05 20:30:13 Loaded file C:\ORCADWIN\LAYOUT\LIBRARY\TO.LLB
Fri May 05 20:30:13 Loaded file C:\ORCADWIN\LAYOUT\LIBRARY\SOJ.LLB
Fri May 05 20:30:13 Loaded file C:\ORCADWIN\LAYOUT\LIBRARY\DIP100T.LLB
Fri May 05 20:30:13 Loaded file C:\ORCADWIN\LAYOUT\LIBRARY\DIP100B.LLB
Fri May 05 20:30:13 Loaded file C:\ORCADWIN\LAYOUT\LIBRARY\DSUBT.LLB
Fri May 05 20:30:13 Loaded file C:\ORCADWIN\LAYOUT\LIBRARY\JUMPER.LLB
Fri May 05 20:30:13 Loaded file C:\ORCADWIN\LAYOUT\LIBRARY\SM.LLB
Fri May 05 20:30:13 Loaded file C:\ORCADWIN\LAYOUT\LIBRARY\TM_CAP_P.LLB
Fri May 05 20:30:13 Loaded file C:\ORCADWIN\LAYOUT\library\sheet05.llb
Fri May 05 20:30:13 Loaded file C:\ORCADWIN\LAYOUT\LIBRARY\TO.LLB
Fri May 05 20:30:13 Loaded file C:\ORCADWIN\LAYOUT\LIBRARY\SOJ.LLB
Fri May 05 20:30:13 Loaded file C:\ORCADWIN\LAYOUT\LIBRARY\DIP100T.LLB
Fri May 05 20:30:13 Loaded file C:\ORCADWIN\LAYOUT\LIBRARY\DIP100B.LLB
Fri May 05 20:30:13 Loaded file C:\ORCADWIN\LAYOUT\LIBRARY\DSUBT.LLB
Fri May 05 20:30:13 Loaded file C:\ORCADWIN\LAYOUT\LIBRARY\JUMPER.LLB
Fri May 05 20:30:13 Loaded file C:\ORCADWIN\LAYOUT\LIBRARY\SM.LLB
Fri May 05 20:30:13 Loaded file C:\ORCADWIN\LAYOUT\LIBRARY\TM_CAP_P.LLB
Fri May 05 20:30:13 Loaded file C:\ORCADWIN\LAYOUT\library\sheet05.llb
Fri May 05 20:30:13 Unable to find Alternate Footprint: SOG.050/14/WG.244/L.375
Fri May 05 20:30:13 Loaded file C:\ORCADWIN\LAYOUT\LIBRARY\DIP100T.LLB
Fri May 05 20:30:13 Loaded file C:\ORCADWIN\LAYOUT\LIBRARY\TO.LLB
Fri May 05 20:30:13 Loaded file C:\ORCADWIN\LAYOUT\LIBRARY\SOJ.LLB
Fri May 05 20:30:13 Loaded file C:\ORCADWIN\LAYOUT\LIBRARY\DIP100T.LLB
Fri May 05 20:30:13 Loaded file C:\ORCADWIN\LAYOUT\LIBRARY\DIP100B.LLB
Fri May 05 20:30:13 Loaded file C:\ORCADWIN\LAYOUT\LIBRARY\DSUBT.LLB
Fri May 05 20:30:13 Loaded file C:\ORCADWIN\LAYOUT\LIBRARY\JUMPER.LLB
Fri May 05 20:30:13 Loaded file C:\ORCADWIN\LAYOUT\LIBRARY\SM.LLB
Fri May 05 20:30:13 Loaded file C:\ORCADWIN\LAYOUT\LIBRARY\TM_CAP_P.LLB
Fri May 05 20:30:13 Loaded file C:\ORCADWIN\LAYOUT\library\sheet05.llb
Fri May 05 20:30:13 Unable to find Alternate Footprint: SOG.050/14/WG.244/L.375
Fri May 05 20:30:13 Loaded file C:\ORCADWIN\LAYOUT\LIBRARY\TO.LLB
Fri May 05 20:30:13 Loaded file C:\ORCADWIN\LAYOUT\LIBRARY\SOJ.LLB
Fri May 05 20:30:13 Loaded file C:\ORCADWIN\LAYOUT\LIBRARY\DIP100T.LLB
Fri May 05 20:30:13 Loaded file C:\ORCADWIN\LAYOUT\LIBRARY\DIP100B.LLB
Fri May 05 20:30:13 Loaded file C:\ORCADWIN\LAYOUT\LIBRARY\DSUBT.LLB
Fri May 05 20:30:13 Loaded file C:\ORCADWIN\LAYOUT\LIBRARY\JUMPER.LLB
Fri May 05 20:30:13 Loaded file C:\ORCADWIN\LAYOUT\LIBRARY\SM.LLB
Fri May 05 20:30:13 Loaded file C:\ORCADWIN\LAYOUT\LIBRARY\TM_CAP_P.LLB
Fri May 05 20:30:13 Loaded file C:\ORCADWIN\LAYOUT\library\sheet05.llb
Fri May 05 20:30:13 Unable to find Alternate Footprint: SOG.050/14/WG.244/L.375
Fri May 05 20:30:13 Loaded file C:\ORCADWIN\LAYOUT\LIBRARY\TO.LLB
Fri May 05 20:30:13 Loaded file C:\ORCADWIN\LAYOUT\LIBRARY\SOJ.LLB
Fri May 05 20:30:13 Loaded file C:\ORCADWIN\LAYOUT\LIBRARY\DIP100T.LLB
Fri May 05 20:30:13 Loaded file C:\ORCADWIN\LAYOUT\LIBRARY\DIP100B.LLB
Fri May 05 20:30:13 Loaded file C:\ORCADWIN\LAYOUT\LIBRARY\DSUBT.LLB
Fri May 05 20:30:13 Loaded file C:\ORCADWIN\LAYOUT\LIBRARY\JUMPER.LLB
Fri May 05 20:30:13 Loaded file C:\ORCADWIN\LAYOUT\LIBRARY\SM.LLB
Fri May 05 20:30:13 Loaded file C:\ORCADWIN\LAYOUT\LIBRARY\TM_CAP_P.LLB
Fri May 05 20:30:13 Loaded file C:\ORCADWIN\LAYOUT\library\sheet05.llb
Fri May 05 20:30:13 Unable to find Alternate Footprint: SOG.050/14/WG.244/L.375
Fri May 05 20:30:13 Loaded file C:\ORCADWIN\LAYOUT\LIBRARY\TO.LLB
Fri May 05 20:30:13 Loaded file C:\ORCADWIN\LAYOUT\LIBRARY\SOJ.LLB
Fri May 05 20:30:13 Loaded file C:\ORCADWIN\LAYOUT\LIBRARY\DIP100T.LLB
Fri May 05 20:30:13 Loaded file C:\ORCADWIN\LAYOUT\LIBRARY\DIP100B.LLB
Fri May 05 20:30:13 Loaded file C:\ORCADWIN\LAYOUT\LIBRARY\DSUBT.LLB
Fri May 05 20:30:13 Loaded file C:\ORCADWIN\LAYOUT\LIBRARY\JUMPER.LLB
Fri May 05 20:30:13 Loaded file C:\ORCADWIN\LAYOUT\LIBRARY\SM.LLB
Fri May 05 20:30:13 Loaded file C:\ORCADWIN\LAYOUT\LIBRARY\TM_CAP_P.LLB
Fri May 05 20:30:13 Loaded file C:\ORCADWIN\LAYOUT\library\sheet05.llb
Fri May 05 20:30:13 Unable to find Alternate Footprint: SOG.050/14/WG.244/L.375
Fri May 05 20:30:13 Loaded file C:\ORCADWIN\LAYOUT\LIBRARY\TO.LLB
Fri May 05 20:30:13 Loaded file C:\ORCADWIN\LAYOUT\LIBRARY\SOJ.LLB
Fri May 05 20:30:13 Loaded file C:\ORCADWIN\LAYOUT\LIBRARY\DIP100T.LLB
Fri May 05 20:30:13 Loaded file C:\ORCADWIN\LAYOUT\LIBRARY\DIP100B.LLB
Fri May 05 20:30:13 Loaded file C:\ORCADWIN\LAYOUT\LIBRARY\DSUBT.LLB
Fri May 05 20:30:13 Loaded file C:\ORCADWIN\LAYOUT\LIBRARY\JUMPER.LLB
Fri May 05 20:30:13 Loaded file C:\ORCADWIN\LAYOUT\LIBRARY\SM.LLB
Fri May 05 20:30:13 Loaded file C:\ORCADWIN\LAYOUT\LIBRARY\TM_CAP_P.LLB
Fri May 05 20:30:13 Loaded file C:\ORCADWIN\LAYOUT\library\sheet05.llb
Fri May 05 20:30:13 Unable to find Alternate Footprint: SOG.050/14/WG.244/L.375
Fri May 05 20:30:13 Loaded file C:\ORCADWIN\LAYOUT\LIBRARY\TO.LLB
Fri May 05 20:30:13 Loaded file C:\ORCADWIN\LAYOUT\LIBRARY\SOJ.LLB
Fri May 05 20:30:13 Loaded file C:\ORCADWIN\LAYOUT\LIBRARY\DIP100T.LLB
Fri May 05 20:30:13 Loaded file C:\ORCADWIN\LAYOUT\LIBRARY\DIP100B.LLB
Fri May 05 20:30:13 Loaded file C:\ORCADWIN\LAYOUT\LIBRARY\DSUBT.LLB
Fri May 05 20:30:13 Loaded file C:\ORCADWIN\LAYOUT\LIBRARY\JUMPER.LLB
Fri May 05 20:30:13 Loaded file C:\ORCADWIN\LAYOUT\LIBRARY\SM.LLB
Fri May 05 20:30:13 Loaded file C:\ORCADWIN\LAYOUT\LIBRARY\TM_CAP_P.LLB
Fri May 05 20:30:13 Loaded file C:\ORCADWIN\LAYOUT\library\sheet05.llb
Fri May 05 20:30:13 Unable to find Alternate Footprint: SOG.050/14/WG.244/L.375
Fri May 05 20:30:13 Loaded file C:\ORCADWIN\LAYOUT\LIBRARY\TO.LLB
Fri May 05 20:30:13 Loaded file C:\ORCADWIN\LAYOUT\LIBRARY\SOJ.LLB
Fri May 05 20:30:13 Loaded file C:\ORCADWIN\LAYOUT\LIBRARY\DIP100T.LLB
Fri May 05 20:30:13 Loaded file C:\ORCADWIN\LAYOUT\LIBRARY\DIP100B.LLB
Fri May 05 20:30:13 Loaded file C:\ORCADWIN\LAYOUT\LIBRARY\DSUBT.LLB
Fri May 05 20:30:13 Loaded file C:\ORCADWIN\LAYOUT\LIBRARY\JUMPER.LLB
Fri May 05 20:30:13 Loaded file C:\ORCADWIN\LAYOUT\LIBRARY\SM.LLB
Fri May 05 20:30:13 Loaded file C:\ORCADWIN\LAYOUT\LIBRARY\TM_CAP_P.LLB
Fri May 05 20:30:13 Loaded file C:\ORCADWIN\LAYOUT\library\sheet05.llb
Fri May 05 20:30:13 Unable to find Alternate Footprint: SOG.050/14/WG.244/L.375
Fri May 05 20:30:13 Loaded file C:\ORCADWIN\LAYOUT\LIBRARY\TO.LLB
Fri May 05 20:30:13 Loaded file C:\ORCADWIN\LAYOUT\LIBRARY\SOJ.LLB
Fri May 05 20:30:13 Loaded file C:\ORCADWIN\LAYOUT\LIBRARY\DIP100T.LLB
Fri May 05 20:30:13 Loaded file C:\ORCADWIN\LAYOUT\LIBRARY\DIP100B.LLB
Fri May 05 20:30:13 Loaded file C:\ORCADWIN\LAYOUT\LIBRARY\DSUBT.LLB
Fri May 05 20:30:13 Loaded file C:\ORCADWIN\LAYOUT\LIBRARY\JUMPER.LLB
Fri May 05 20:30:13 Loaded file C:\ORCADWIN\LAYOUT\LIBRARY\SM.LLB
Fri May 05 20:30:13 Loaded file C:\ORCADWIN\LAYOUT\LIBRARY\TM_CAP_P.LLB
Fri May 05 20:30:13 Loaded file C:\ORCADWIN\LAYOUT\library\sheet05.llb
Fri May 05 20:30:13 Unable to find Alternate Footprint: SOG.050/14/WG.244/L.375
Fri May 05 20:30:13 Loaded file C:\ORCADWIN\LAYOUT\LIBRARY\TO.LLB
Fri May 05 20:30:13 Loaded file C:\ORCADWIN\LAYOUT\LIBRARY\SOJ.LLB
Fri May 05 20:30:13 Loaded file C:\ORCADWIN\LAYOUT\LIBRARY\DIP100T.LLB
Fri May 05 20:30:13 Loaded file C:\ORCADWIN\LAYOUT\LIBRARY\DIP100B.LLB
Fri May 05 20:30:13 Loaded file C:\ORCADWIN\LAYOUT\LIBRARY\DSUBT.LLB
Fri May 05 20:30:13 Loaded file C:\ORCADWIN\LAYOUT\LIBRARY\JUMPER.LLB
Fri May 05 20:30:13 Loaded file C:\ORCADWIN\LAYOUT\LIBRARY\SM.LLB
Fri May 05 20:30:13 Loaded file C:\ORCADWIN\LAYOUT\LIBRARY\TM_CAP_P.LLB
Fri May 05 20:30:13 Loaded file C:\ORCADWIN\LAYOUT\library\sheet05.llb
Fri May 05 20:30:13 Unable to find Alternate Footprint: SOG.050/14/WG.244/L.375
Fri May 05 20:30:13 Loaded file C:\ORCADWIN\LAYOUT\LIBRARY\TO.LLB
Fri May 05 20:30:13 Loaded file C:\ORCADWIN\LAYOUT\LIBRARY\SOJ.LLB
Fri May 05 20:30:13 Loaded file C:\ORCADWIN\LAYOUT\LIBRARY\DIP100T.LLB
Fri May 05 20:30:13 Loaded file C:\ORCADWIN\LAYOUT\LIBRARY\DIP100B.LLB
Fri May 05 20:30:13 Loaded file C:\ORCADWIN\LAYOUT\LIBRARY\DSUBT.LLB
Fri May 05 20:30:13 Loaded file C:\ORCADWIN\LAYOUT\LIBRARY\JUMPER.LLB
Fri May 05 20:30:13 Loaded file C:\ORCADWIN\LAYOUT\LIBRARY\SM.LLB
Fri May 05 20:30:13 Loaded file C:\ORCADWIN\LAYOUT\LIBRARY\TM_CAP_P.LLB
Fri May 05 20:30:13 Loaded file C:\ORCADWIN\LAYOUT\library\sheet05.llb
Fri May 05 20:30:13 Unable to find Alternate Footprint: SOG.050/14/WG.244/L.375
Fri May 05 20:30:13 Loaded file C:\ORCADWIN\LAYOUT\LIBRARY\TO.LLB
Fri May 05 20:30:13 Loaded file C:\ORCADWIN\LAYOUT\LIBRARY\SOJ.LLB
Fri May 05 20:30:13 Loaded file C:\ORCADWIN\LAYOUT\LIBRARY\DIP100T.LLB
Fri May 05 20:30:13 Loaded file C:\ORCADWIN\LAYOUT\LIBRARY\DIP100B.LLB
Fri May 05 20:30:13 Loaded file C:\ORCADWIN\LAYOUT\LIBRARY\DSUBT.LLB
Fri May 05 20:30:13 Loaded file C:\ORCADWIN\LAYOUT\LIBRARY\JUMPER.LLB
Fri May 05 20:30:14 Loaded file C:\ORCADWIN\LAYOUT\LIBRARY\SM.LLB
Fri May 05 20:30:14 Loaded file C:\ORCADWIN\LAYOUT\LIBRARY\TM_CAP_P.LLB
Fri May 05 20:30:14 Loaded file C:\ORCADWIN\LAYOUT\library\sheet05.llb
Fri May 05 20:30:14 Unable to find Alternate Footprint: SOG.050/14/WG.244/L.375
Fri May 05 20:30:14 Loaded file C:\ORCADWIN\LAYOUT\LIBRARY\TO.LLB
Fri May 05 20:30:14 Loaded file C:\ORCADWIN\LAYOUT\LIBRARY\SOJ.LLB
Fri May 05 20:30:14 Loaded file C:\ORCADWIN\LAYOUT\LIBRARY\DIP100T.LLB
Fri May 05 20:30:14 Loaded file C:\ORCADWIN\LAYOUT\LIBRARY\DIP100B.LLB
Fri May 05 20:30:14 Loaded file C:\ORCADWIN\LAYOUT\LIBRARY\DSUBT.LLB
Fri May 05 20:30:14 Loaded file C:\ORCADWIN\LAYOUT\LIBRARY\JUMPER.LLB
Fri May 05 20:30:14 Loaded file C:\ORCADWIN\LAYOUT\LIBRARY\SM.LLB
Fri May 05 20:30:14 Loaded file C:\ORCADWIN\LAYOUT\LIBRARY\TM_CAP_P.LLB
Fri May 05 20:30:14 Loaded file C:\ORCADWIN\LAYOUT\library\sheet05.llb
Fri May 05 20:30:14 Unable to find Alternate Footprint: SOG.050/14/WG.244/L.375
Fri May 05 20:30:14 Loaded file C:\ORCADWIN\LAYOUT\LIBRARY\TO.LLB
Fri May 05 20:30:14 Loaded file C:\ORCADWIN\LAYOUT\LIBRARY\SOJ.LLB
Fri May 05 20:30:14 Loaded file C:\ORCADWIN\LAYOUT\LIBRARY\DIP100T.LLB
Fri May 05 20:30:14 Loaded file C:\ORCADWIN\LAYOUT\LIBRARY\DIP100B.LLB
Fri May 05 20:30:14 Loaded file C:\ORCADWIN\LAYOUT\LIBRARY\DSUBT.LLB
Fri May 05 20:30:14 Loaded file C:\ORCADWIN\LAYOUT\LIBRARY\JUMPER.LLB
Fri May 05 20:30:14 Loaded file C:\ORCADWIN\LAYOUT\LIBRARY\SM.LLB
Fri May 05 20:30:14 Loaded file C:\ORCADWIN\LAYOUT\LIBRARY\TM_CAP_P.LLB
Fri May 05 20:30:14 Loaded file C:\ORCADWIN\LAYOUT\library\sheet05.llb
Fri May 05 20:30:14 Unable to find Alternate Footprint: SOG.050/14/WG.244/L.375
Fri May 05 20:30:14 Loaded file C:\ORCADWIN\LAYOUT\LIBRARY\TO.LLB
Fri May 05 20:30:14 Loaded file C:\ORCADWIN\LAYOUT\LIBRARY\SOJ.LLB
Fri May 05 20:30:14 Loaded file C:\ORCADWIN\LAYOUT\LIBRARY\DIP100T.LLB
Fri May 05 20:30:14 Loaded file C:\ORCADWIN\LAYOUT\LIBRARY\DIP100B.LLB
Fri May 05 20:30:14 Loaded file C:\ORCADWIN\LAYOUT\LIBRARY\DSUBT.LLB
Fri May 05 20:30:14 Loaded file C:\ORCADWIN\LAYOUT\LIBRARY\JUMPER.LLB
Fri May 05 20:30:14 Loaded file C:\ORCADWIN\LAYOUT\LIBRARY\SM.LLB
Fri May 05 20:30:14 Loaded file C:\ORCADWIN\LAYOUT\LIBRARY\TM_CAP_P.LLB
Fri May 05 20:30:14 Loaded file C:\ORCADWIN\LAYOUT\library\sheet05.llb
Fri May 05 20:30:14 Unable to find Alternate Footprint: SOG.050/14/WG.244/L.375
Fri May 05 20:30:14 Loaded file C:\ORCADWIN\LAYOUT\LIBRARY\TO.LLB
Fri May 05 20:30:14 Loaded file C:\ORCADWIN\LAYOUT\LIBRARY\SOJ.LLB
Fri May 05 20:30:14 Loaded file C:\ORCADWIN\LAYOUT\LIBRARY\DIP100T.LLB
Fri May 05 20:30:14 Loaded file C:\ORCADWIN\LAYOUT\LIBRARY\DIP100B.LLB
Fri May 05 20:30:14 Loaded file C:\ORCADWIN\LAYOUT\LIBRARY\DSUBT.LLB
Fri May 05 20:30:14 Loaded file C:\ORCADWIN\LAYOUT\LIBRARY\JUMPER.LLB
Fri May 05 20:30:14 Loaded file C:\ORCADWIN\LAYOUT\LIBRARY\SM.LLB
Fri May 05 20:30:14 Loaded file C:\ORCADWIN\LAYOUT\LIBRARY\TM_CAP_P.LLB
Fri May 05 20:30:14 Loaded file C:\ORCADWIN\LAYOUT\library\sheet05.llb
Fri May 05 20:30:14 Unable to find Alternate Footprint: SOG.050/14/WG.244/L.375
Fri May 05 20:30:14 Loaded file C:\ORCADWIN\LAYOUT\LIBRARY\TO.LLB
Fri May 05 20:30:14 Loaded file C:\ORCADWIN\LAYOUT\LIBRARY\SOJ.LLB
Fri May 05 20:30:14 Loaded file C:\ORCADWIN\LAYOUT\LIBRARY\DIP100T.LLB
Fri May 05 20:30:14 Loaded file C:\ORCADWIN\LAYOUT\LIBRARY\DIP100B.LLB
Fri May 05 20:30:14 Loaded file C:\ORCADWIN\LAYOUT\LIBRARY\DSUBT.LLB
Fri May 05 20:30:14 Loaded file C:\ORCADWIN\LAYOUT\LIBRARY\JUMPER.LLB
Fri May 05 20:30:14 Loaded file C:\ORCADWIN\LAYOUT\LIBRARY\SM.LLB
Fri May 05 20:30:14 Loaded file C:\ORCADWIN\LAYOUT\LIBRARY\TM_CAP_P.LLB
Fri May 05 20:30:14 Loaded file C:\ORCADWIN\LAYOUT\library\sheet05.llb
Fri May 05 20:30:14 Unable to find Alternate Footprint: SOG.050/14/WG.244/L.375
Fri May 05 20:30:14 Loaded file C:\ORCADWIN\LAYOUT\LIBRARY\TO.LLB
Fri May 05 20:30:14 Loaded file C:\ORCADWIN\LAYOUT\LIBRARY\SOJ.LLB
Fri May 05 20:30:14 Loaded file C:\ORCADWIN\LAYOUT\LIBRARY\DIP100T.LLB
Fri May 05 20:30:14 Loaded file C:\ORCADWIN\LAYOUT\LIBRARY\DIP100B.LLB
Fri May 05 20:30:14 Loaded file C:\ORCADWIN\LAYOUT\LIBRARY\DSUBT.LLB
Fri May 05 20:30:14 Loaded file C:\ORCADWIN\LAYOUT\LIBRARY\JUMPER.LLB
Fri May 05 20:30:14 Loaded file C:\ORCADWIN\LAYOUT\LIBRARY\SM.LLB
Fri May 05 20:30:14 Loaded file C:\ORCADWIN\LAYOUT\LIBRARY\TM_CAP_P.LLB
Fri May 05 20:30:14 Loaded file C:\ORCADWIN\LAYOUT\library\sheet05.llb
Fri May 05 20:30:14 Unable to find Alternate Footprint: SOG.050/14/WG.244/L.375
Fri May 05 20:30:14 Loaded file C:\ORCADWIN\LAYOUT\LIBRARY\TO.LLB
Fri May 05 20:30:14 Loaded file C:\ORCADWIN\LAYOUT\LIBRARY\SOJ.LLB
Fri May 05 20:30:14 Loaded file C:\ORCADWIN\LAYOUT\LIBRARY\DIP100T.LLB
Fri May 05 20:30:14 Loaded file C:\ORCADWIN\LAYOUT\LIBRARY\DIP100B.LLB
Fri May 05 20:30:14 Loaded file C:\ORCADWIN\LAYOUT\LIBRARY\DSUBT.LLB
Fri May 05 20:30:14 Loaded file C:\ORCADWIN\LAYOUT\LIBRARY\JUMPER.LLB
Fri May 05 20:30:14 Loaded file C:\ORCADWIN\LAYOUT\LIBRARY\SM.LLB
Fri May 05 20:30:14 Loaded file C:\ORCADWIN\LAYOUT\LIBRARY\TM_CAP_P.LLB
Fri May 05 20:30:14 Loaded file C:\ORCADWIN\LAYOUT\library\sheet05.llb
Fri May 05 20:30:14 Unable to find Alternate Footprint: SOG.050/14/WG.244/L.375
Fri May 05 20:30:14 Loaded file C:\ORCADWIN\LAYOUT\LIBRARY\TO.LLB
Fri May 05 20:30:14 Loaded file C:\ORCADWIN\LAYOUT\LIBRARY\SOJ.LLB
Fri May 05 20:30:14 Loaded file C:\ORCADWIN\LAYOUT\LIBRARY\DIP100T.LLB
Fri May 05 20:30:14 Loaded file C:\ORCADWIN\LAYOUT\LIBRARY\DIP100B.LLB
Fri May 05 20:30:14 Loaded file C:\ORCADWIN\LAYOUT\LIBRARY\DSUBT.LLB
Fri May 05 20:30:14 Loaded file C:\ORCADWIN\LAYOUT\LIBRARY\JUMPER.LLB
Fri May 05 20:30:14 Loaded file C:\ORCADWIN\LAYOUT\LIBRARY\SM.LLB
Fri May 05 20:30:14 Loaded file C:\ORCADWIN\LAYOUT\LIBRARY\TM_CAP_P.LLB
Fri May 05 20:30:14 Loaded file C:\ORCADWIN\LAYOUT\library\sheet05.llb
Fri May 05 20:30:14 Unable to find Alternate Footprint: SOG.050/14/WG.244/L.375
Fri May 05 20:30:14 Loaded file C:\ORCADWIN\LAYOUT\LIBRARY\TO.LLB
Fri May 05 20:30:14 Loaded file C:\ORCADWIN\LAYOUT\LIBRARY\SOJ.LLB
Fri May 05 20:30:14 Loaded file C:\ORCADWIN\LAYOUT\LIBRARY\DIP100T.LLB
Fri May 05 20:30:14 Loaded file C:\ORCADWIN\LAYOUT\LIBRARY\DIP100B.LLB
Fri May 05 20:30:14 Loaded file C:\ORCADWIN\LAYOUT\LIBRARY\DSUBT.LLB
Fri May 05 20:30:14 Loaded file C:\ORCADWIN\LAYOUT\LIBRARY\JUMPER.LLB
Fri May 05 20:30:14 Loaded file C:\ORCADWIN\LAYOUT\LIBRARY\SM.LLB
Fri May 05 20:30:14 Loaded file C:\ORCADWIN\LAYOUT\LIBRARY\TM_CAP_P.LLB
Fri May 05 20:30:14 Loaded file C:\ORCADWIN\LAYOUT\library\sheet05.llb
Fri May 05 20:30:14 Unable to find Alternate Footprint: SOG.050/14/WG.244/L.375
Fri May 05 20:30:14 Loaded file C:\ORCADWIN\LAYOUT\LIBRARY\TO.LLB
Fri May 05 20:30:14 Loaded file C:\ORCADWIN\LAYOUT\LIBRARY\SOJ.LLB
Fri May 05 20:30:14 Loaded file C:\ORCADWIN\LAYOUT\LIBRARY\DIP100T.LLB
Fri May 05 20:30:14 Loaded file C:\ORCADWIN\LAYOUT\LIBRARY\DIP100B.LLB
Fri May 05 20:30:14 Loaded file C:\ORCADWIN\LAYOUT\LIBRARY\DSUBT.LLB
Fri May 05 20:30:14 Loaded file C:\ORCADWIN\LAYOUT\LIBRARY\JUMPER.LLB
Fri May 05 20:30:14 Loaded file C:\ORCADWIN\LAYOUT\LIBRARY\SM.LLB
Fri May 05 20:30:14 Loaded file C:\ORCADWIN\LAYOUT\LIBRARY\TM_CAP_P.LLB
Fri May 05 20:30:14 Loaded file C:\ORCADWIN\LAYOUT\library\sheet05.llb
Fri May 05 20:30:14 Unable to find Alternate Footprint: SOG.050/14/WG.244/L.375
Fri May 05 20:30:14 Loaded file C:\ORCADWIN\LAYOUT\LIBRARY\TO.LLB
Fri May 05 20:30:14 Loaded file C:\ORCADWIN\LAYOUT\LIBRARY\SOJ.LLB
Fri May 05 20:30:14 Loaded file C:\ORCADWIN\LAYOUT\LIBRARY\DIP100T.LLB
Fri May 05 20:30:14 Loaded file C:\ORCADWIN\LAYOUT\LIBRARY\DIP100B.LLB
Fri May 05 20:30:14 Loaded file C:\ORCADWIN\LAYOUT\LIBRARY\DSUBT.LLB
Fri May 05 20:30:14 Loaded file C:\ORCADWIN\LAYOUT\LIBRARY\JUMPER.LLB
Fri May 05 20:30:14 Loaded file C:\ORCADWIN\LAYOUT\LIBRARY\SM.LLB
Fri May 05 20:30:14 Loaded file C:\ORCADWIN\LAYOUT\LIBRARY\TM_CAP_P.LLB
Fri May 05 20:30:14 Loaded file C:\ORCADWIN\LAYOUT\library\sheet05.llb
Fri May 05 20:30:14 Unable to find Alternate Footprint: SOG.050/14/WG.244/L.375
Fri May 05 20:30:14 Loaded file C:\ORCADWIN\LAYOUT\LIBRARY\TO.LLB
Fri May 05 20:30:14 Loaded file C:\ORCADWIN\LAYOUT\LIBRARY\SOJ.LLB
Fri May 05 20:30:14 Loaded file C:\ORCADWIN\LAYOUT\LIBRARY\DIP100T.LLB
Fri May 05 20:30:14 Loaded file C:\ORCADWIN\LAYOUT\LIBRARY\DIP100B.LLB
Fri May 05 20:30:14 Loaded file C:\ORCADWIN\LAYOUT\LIBRARY\DSUBT.LLB
Fri May 05 20:30:14 Loaded file C:\ORCADWIN\LAYOUT\LIBRARY\JUMPER.LLB
Fri May 05 20:30:14 Loaded file C:\ORCADWIN\LAYOUT\LIBRARY\SM.LLB
Fri May 05 20:30:14 Loaded file C:\ORCADWIN\LAYOUT\LIBRARY\TM_CAP_P.LLB
Fri May 05 20:30:14 Loaded file C:\ORCADWIN\LAYOUT\library\sheet05.llb
Fri May 05 20:30:14 Unable to find Alternate Footprint: SOG.050/14/WG.244/L.375
Fri May 05 20:30:14 Loaded file C:\ORCADWIN\LAYOUT\LIBRARY\TO.LLB
Fri May 05 20:30:14 Loaded file C:\ORCADWIN\LAYOUT\LIBRARY\SOJ.LLB
Fri May 05 20:30:14 Loaded file C:\ORCADWIN\LAYOUT\LIBRARY\DIP100T.LLB
Fri May 05 20:30:14 Loaded file C:\ORCADWIN\LAYOUT\LIBRARY\DIP100B.LLB
Fri May 05 20:30:14 Loaded file C:\ORCADWIN\LAYOUT\LIBRARY\DSUBT.LLB
Fri May 05 20:30:14 Loaded file C:\ORCADWIN\LAYOUT\LIBRARY\JUMPER.LLB
Fri May 05 20:30:14 Loaded file C:\ORCADWIN\LAYOUT\LIBRARY\SM.LLB
Fri May 05 20:30:14 Loaded file C:\ORCADWIN\LAYOUT\LIBRARY\TM_CAP_P.LLB
Fri May 05 20:30:14 Loaded file C:\ORCADWIN\LAYOUT\library\sheet05.llb
Fri May 05 20:30:14 Unable to find Alternate Footprint: SOG.050/14/WG.244/L.375
Fri May 05 20:30:14 Loaded file C:\ORCADWIN\LAYOUT\LIBRARY\TO.LLB
Fri May 05 20:30:14 Loaded file C:\ORCADWIN\LAYOUT\LIBRARY\SOJ.LLB
Fri May 05 20:30:14 Loaded file C:\ORCADWIN\LAYOUT\LIBRARY\DIP100T.LLB
Fri May 05 20:30:14 Loaded file C:\ORCADWIN\LAYOUT\LIBRARY\DIP100B.LLB
Fri May 05 20:30:14 Loaded file C:\ORCADWIN\LAYOUT\LIBRARY\DSUBT.LLB
Fri May 05 20:30:14 Loaded file C:\ORCADWIN\LAYOUT\LIBRARY\JUMPER.LLB
Fri May 05 20:30:14 Loaded file C:\ORCADWIN\LAYOUT\LIBRARY\SM.LLB
Fri May 05 20:30:14 Loaded file C:\ORCADWIN\LAYOUT\LIBRARY\TM_CAP_P.LLB
Fri May 05 20:30:14 Loaded file C:\ORCADWIN\LAYOUT\library\sheet05.llb
Fri May 05 20:30:14 Unable to find Alternate Footprint: SOG.050/14/WG.244/L.375
Fri May 05 20:30:14 Loaded file C:\ORCADWIN\LAYOUT\LIBRARY\TO.LLB
Fri May 05 20:30:14 Loaded file C:\ORCADWIN\LAYOUT\LIBRARY\SOJ.LLB
Fri May 05 20:30:14 Loaded file C:\ORCADWIN\LAYOUT\LIBRARY\DIP100T.LLB
Fri May 05 20:30:14 Loaded file C:\ORCADWIN\LAYOUT\LIBRARY\DIP100B.LLB
Fri May 05 20:30:14 Loaded file C:\ORCADWIN\LAYOUT\LIBRARY\DSUBT.LLB
Fri May 05 20:30:14 Loaded file C:\ORCADWIN\LAYOUT\LIBRARY\JUMPER.LLB
Fri May 05 20:30:14 Loaded file C:\ORCADWIN\LAYOUT\LIBRARY\SM.LLB
Fri May 05 20:30:14 Loaded file C:\ORCADWIN\LAYOUT\LIBRARY\TM_CAP_P.LLB
Fri May 05 20:30:14 Loaded file C:\ORCADWIN\LAYOUT\library\sheet05.llb
Fri May 05 20:30:14 Unable to find Alternate Footprint: SOG.050/14/WG.244/L.375
Fri May 05 20:30:14 Loaded file C:\ORCADWIN\LAYOUT\LIBRARY\TO.LLB
Fri May 05 20:30:14 Loaded file C:\ORCADWIN\LAYOUT\LIBRARY\SOJ.LLB
Fri May 05 20:30:14 Loaded file C:\ORCADWIN\LAYOUT\LIBRARY\DIP100T.LLB
Fri May 05 20:30:14 Loaded file C:\ORCADWIN\LAYOUT\LIBRARY\DIP100B.LLB
Fri May 05 20:30:14 Loaded file C:\ORCADWIN\LAYOUT\LIBRARY\DSUBT.LLB
Fri May 05 20:30:14 Loaded file C:\ORCADWIN\LAYOUT\LIBRARY\JUMPER.LLB
Fri May 05 20:30:14 Loaded file C:\ORCADWIN\LAYOUT\LIBRARY\SM.LLB
Fri May 05 20:30:14 Loaded file C:\ORCADWIN\LAYOUT\LIBRARY\TM_CAP_P.LLB
Fri May 05 20:30:14 Loaded file C:\ORCADWIN\LAYOUT\library\sheet05.llb
Fri May 05 20:30:14 Unable to find Alternate Footprint: SOG.050/14/WG.244/L.375
Fri May 05 20:30:14 Loaded file C:\ORCADWIN\LAYOUT\LIBRARY\TO.LLB
Fri May 05 20:30:14 Loaded file C:\ORCADWIN\LAYOUT\LIBRARY\SOJ.LLB
Fri May 05 20:30:14 Loaded file C:\ORCADWIN\LAYOUT\LIBRARY\DIP100T.LLB
Fri May 05 20:30:14 Loaded file C:\ORCADWIN\LAYOUT\LIBRARY\DIP100B.LLB
Fri May 05 20:30:14 Loaded file C:\ORCADWIN\LAYOUT\LIBRARY\DSUBT.LLB
Fri May 05 20:30:14 Loaded file C:\ORCADWIN\LAYOUT\LIBRARY\JUMPER.LLB
Fri May 05 20:30:14 Loaded file C:\ORCADWIN\LAYOUT\LIBRARY\SM.LLB
Fri May 05 20:30:14 Loaded file C:\ORCADWIN\LAYOUT\LIBRARY\TM_CAP_P.LLB
Fri May 05 20:30:14 Loaded file C:\ORCADWIN\LAYOUT\library\sheet05.llb
Fri May 05 20:30:14 Unable to find Alternate Footprint: SOG.050/14/WG.244/L.375
Fri May 05 20:30:14 Loaded file C:\ORCADWIN\LAYOUT\LIBRARY\TO.LLB
Fri May 05 20:30:14 Loaded file C:\ORCADWIN\LAYOUT\LIBRARY\SOJ.LLB
Fri May 05 20:30:14 Loaded file C:\ORCADWIN\LAYOUT\LIBRARY\DIP100T.LLB
Fri May 05 20:30:14 Loaded file C:\ORCADWIN\LAYOUT\LIBRARY\DIP100B.LLB
Fri May 05 20:30:14 Loaded file C:\ORCADWIN\LAYOUT\LIBRARY\DSUBT.LLB
Fri May 05 20:30:14 Loaded file C:\ORCADWIN\LAYOUT\LIBRARY\JUMPER.LLB
Fri May 05 20:30:14 Loaded file C:\ORCADWIN\LAYOUT\LIBRARY\SM.LLB
Fri May 05 20:30:14 Loaded file C:\ORCADWIN\LAYOUT\LIBRARY\TM_CAP_P.LLB
Fri May 05 20:30:14 Loaded file C:\ORCADWIN\LAYOUT\library\sheet05.llb
Fri May 05 20:30:14 Unable to find Alternate Footprint: SOG.050/14/WG.244/L.375
Fri May 05 20:30:14 Loaded file C:\ORCADWIN\LAYOUT\LIBRARY\TO.LLB
Fri May 05 20:30:14 Loaded file C:\ORCADWIN\LAYOUT\LIBRARY\SOJ.LLB
Fri May 05 20:30:14 Loaded file C:\ORCADWIN\LAYOUT\LIBRARY\DIP100T.LLB
Fri May 05 20:30:14 Loaded file C:\ORCADWIN\LAYOUT\LIBRARY\DIP100B.LLB
Fri May 05 20:30:14 Loaded file C:\ORCADWIN\LAYOUT\LIBRARY\DSUBT.LLB
Fri May 05 20:30:14 Loaded file C:\ORCADWIN\LAYOUT\LIBRARY\JUMPER.LLB
Fri May 05 20:30:14 Loaded file C:\ORCADWIN\LAYOUT\LIBRARY\SM.LLB
Fri May 05 20:30:14 Loaded file C:\ORCADWIN\LAYOUT\LIBRARY\TM_CAP_P.LLB
Fri May 05 20:30:14 Loaded file C:\ORCADWIN\LAYOUT\library\sheet05.llb
Fri May 05 20:30:14 Unable to find Alternate Footprint: SOG.050/14/WG.244/L.375
Fri May 05 20:30:14 Loaded file C:\ORCADWIN\LAYOUT\LIBRARY\TO.LLB
Fri May 05 20:30:14 Loaded file C:\ORCADWIN\LAYOUT\LIBRARY\SOJ.LLB
Fri May 05 20:30:14 Loaded file C:\ORCADWIN\LAYOUT\LIBRARY\DIP100T.LLB
Fri May 05 20:30:14 Loaded file C:\ORCADWIN\LAYOUT\LIBRARY\DIP100B.LLB
Fri May 05 20:30:14 Loaded file C:\ORCADWIN\LAYOUT\LIBRARY\DSUBT.LLB
Fri May 05 20:30:14 Loaded file C:\ORCADWIN\LAYOUT\LIBRARY\JUMPER.LLB
Fri May 05 20:30:14 Loaded file C:\ORCADWIN\LAYOUT\LIBRARY\SM.LLB
Fri May 05 20:30:14 Loaded file C:\ORCADWIN\LAYOUT\LIBRARY\TM_CAP_P.LLB
Fri May 05 20:30:14 Loaded file C:\ORCADWIN\LAYOUT\library\sheet05.llb
Fri May 05 20:30:14 Unable to find Alternate Footprint: SOG.050/14/WG.244/L.375
Fri May 05 20:30:14 Loaded file C:\ORCADWIN\LAYOUT\LIBRARY\TO.LLB
Fri May 05 20:30:14 Loaded file C:\ORCADWIN\LAYOUT\LIBRARY\SOJ.LLB
Fri May 05 20:30:14 Loaded file C:\ORCADWIN\LAYOUT\LIBRARY\DIP100T.LLB
Fri May 05 20:30:14 Loaded file C:\ORCADWIN\LAYOUT\LIBRARY\DIP100B.LLB
Fri May 05 20:30:14 Loaded file C:\ORCADWIN\LAYOUT\LIBRARY\DSUBT.LLB
Fri May 05 20:30:14 Loaded file C:\ORCADWIN\LAYOUT\LIBRARY\JUMPER.LLB
Fri May 05 20:30:14 Loaded file C:\ORCADWIN\LAYOUT\LIBRARY\SM.LLB
Fri May 05 20:30:14 Loaded file C:\ORCADWIN\LAYOUT\LIBRARY\TM_CAP_P.LLB
Fri May 05 20:30:14 Loaded file C:\ORCADWIN\LAYOUT\library\sheet05.llb
Fri May 05 20:30:14 Unable to find Alternate Footprint: SOG.050/14/WG.244/L.375
Fri May 05 20:30:14 Loaded file C:\ORCADWIN\LAYOUT\LIBRARY\TO.LLB
Fri May 05 20:30:14 Loaded file C:\ORCADWIN\LAYOUT\LIBRARY\SOJ.LLB
Fri May 05 20:30:14 Loaded file C:\ORCADWIN\LAYOUT\LIBRARY\DIP100T.LLB
Fri May 05 20:30:14 Loaded file C:\ORCADWIN\LAYOUT\LIBRARY\DIP100B.LLB
Fri May 05 20:30:14 Loaded file C:\ORCADWIN\LAYOUT\LIBRARY\DSUBT.LLB
Fri May 05 20:30:14 Loaded file C:\ORCADWIN\LAYOUT\LIBRARY\JUMPER.LLB
Fri May 05 20:30:14 Loaded file C:\ORCADWIN\LAYOUT\LIBRARY\SM.LLB
Fri May 05 20:30:14 Loaded file C:\ORCADWIN\LAYOUT\LIBRARY\TM_CAP_P.LLB
Fri May 05 20:30:14 Loaded file C:\ORCADWIN\LAYOUT\library\sheet05.llb
Fri May 05 20:30:14 Unable to find Alternate Footprint: SOG.050/14/WG.244/L.375
Fri May 05 20:30:14 Saved as file C:\DOCUMENTS AND SETTINGS\TASOS\DESKTOP\3\LAYOUT 2 LAYERS\DESIGN1.MAX
Fri May 05 20:30:14 Loaded file C:\DOCUMENTS AND SETTINGS\TASOS\DESKTOP\3\LAYOUT 2 LAYERS\DESIGN1.MAX
Fri May 05 20:30:19 Saved as file PLACE1.MAX
Fri May 05 20:30:19 Saved as file PLACE2.MAX
Fri May 05 20:30:19 Saved as file PLACE3.MAX
Fri May 05 20:30:19 Batch place completed in 00:00:00
Fri May 05 20:30:26 Saved as file BACKUP1.MAX
Fri May 05 20:30:26 Saved as file BACKUP1.MAX
Fri May 05 20:30:26 Saved as file BACKUP1.MAX
Fri May 05 20:30:26 Saved as file BACKUP1.MAX
Fri May 05 20:30:26 Saved as file BACKUP1.MAX
Fri May 05 20:30:26 Routed 45 connections in 0 seconds.
Fri May 05 20:30:26 Total is now 45 out of 164 (27%).
Fri May 05 20:30:26 Saved as file SWEEP1.MAX
Fri May 05 20:30:26 Saved as file BACKUP1.MAX
Fri May 05 20:30:26 Saved as file BACKUP1.MAX
Fri May 05 20:30:26 Saved as file BACKUP1.MAX
Fri May 05 20:30:27 Saved as file BACKUP1.MAX
Fri May 05 20:30:27 Saved as file BACKUP1.MAX
Fri May 05 20:30:27 Routed 133 connections in 0 seconds.
Fri May 05 20:30:27 Total is now 164 out of 164 (100%).
Fri May 05 20:30:27 Saved as file SWEEP2.MAX
Fri May 05 20:30:27 No new connections routed.
Fri May 05 20:30:27 Total is now 164 out of 164 (100%).
Fri May 05 20:30:27 Saved as file SWEEP3.MAX
Fri May 05 20:30:27 No new connections routed.
Fri May 05 20:30:27 Total is now 164 out of 164 (100%).
Fri May 05 20:30:27 Saved as file SWEEP4.MAX
Fri May 05 20:30:27 No new connections routed.
Fri May 05 20:30:27 Total is now 164 out of 164 (100%).
Fri May 05 20:30:27 Saved as file SWEEP5.MAX
Fri May 05 20:31:12 Saved as file C:\DOCUMENTS AND SETTINGS\TASOS\DESKTOP\3\LAYOUT 2 LAYERS\DESIGN1.MAX
Fri May 05 20:33:49 Saved as file C:\DOCUMENTS AND SETTINGS\TASOS\DESKTOP\3\LAYOUT 2 LAYERS\DESIGN1.MAX
Fri May 05 20:33:49 Saved as file BACKUP1.MAX
Fri May 05 20:33:49 Saved as file C:\DOCUMENTS AND SETTINGS\TASOS\DESKTOP\3\LAYOUT 2 LAYERS\DESIGN1.MAX
Fri May 05 20:33:49 UserDiv from Layout.INI for AutoECO: 60
Fri May 05 20:33:49 Loaded file C:\DOCUMENTS AND SETTINGS\TASOS\DESKTOP\3\LAYOUT 2 LAYERS\DESIGN1.MAX
Fri May 05 20:33:49 Loaded file C:\ORCADWIN\LAYOUT\LIBRARY\TO.LLB
Fri May 05 20:33:49 Loaded file C:\ORCADWIN\LAYOUT\LIBRARY\SOJ.LLB
Fri May 05 20:33:49 Loaded file C:\ORCADWIN\LAYOUT\LIBRARY\DIP100T.LLB
Fri May 05 20:33:49 Loaded file C:\ORCADWIN\LAYOUT\LIBRARY\DIP100B.LLB
Fri May 05 20:33:49 Loaded file C:\ORCADWIN\LAYOUT\LIBRARY\DSUBT.LLB
Fri May 05 20:33:49 Loaded file C:\ORCADWIN\LAYOUT\LIBRARY\JUMPER.LLB
Fri May 05 20:33:49 Loaded file C:\ORCADWIN\LAYOUT\LIBRARY\SM.LLB
Fri May 05 20:33:49 Loaded file C:\ORCADWIN\LAYOUT\LIBRARY\TM_CAP_P.LLB
Fri May 05 20:33:49 Loaded file C:\ORCADWIN\LAYOUT\library\sheet05.llb
Fri May 05 20:33:49 Loaded file C:\ORCADWIN\LAYOUT\LIBRARY\TO.LLB
Fri May 05 20:33:49 Loaded file C:\ORCADWIN\LAYOUT\LIBRARY\SOJ.LLB
Fri May 05 20:33:49 Loaded file C:\ORCADWIN\LAYOUT\LIBRARY\DIP100T.LLB
Fri May 05 20:33:49 Loaded file C:\ORCADWIN\LAYOUT\LIBRARY\DIP100B.LLB
Fri May 05 20:33:49 Loaded file C:\ORCADWIN\LAYOUT\LIBRARY\DSUBT.LLB
Fri May 05 20:33:49 Loaded file C:\ORCADWIN\LAYOUT\LIBRARY\JUMPER.LLB
Fri May 05 20:33:49 Loaded file C:\ORCADWIN\LAYOUT\LIBRARY\SM.LLB
Fri May 05 20:33:49 Loaded file C:\ORCADWIN\LAYOUT\LIBRARY\TM_CAP_P.LLB
Fri May 05 20:33:49 Loaded file C:\ORCADWIN\LAYOUT\library\sheet05.llb
Fri May 05 20:33:49 Unable to find Alternate Footprint: SOG.050/14/WG.244/L.375
Fri May 05 20:33:49 Loaded file C:\ORCADWIN\LAYOUT\LIBRARY\DIP100T.LLB
Fri May 05 20:33:49 Loaded file C:\ORCADWIN\LAYOUT\LIBRARY\TO.LLB
Fri May 05 20:33:49 Loaded file C:\ORCADWIN\LAYOUT\LIBRARY\SOJ.LLB
Fri May 05 20:33:49 Loaded file C:\ORCADWIN\LAYOUT\LIBRARY\DIP100T.LLB
Fri May 05 20:33:49 Loaded file C:\ORCADWIN\LAYOUT\LIBRARY\DIP100B.LLB
Fri May 05 20:33:49 Loaded file C:\ORCADWIN\LAYOUT\LIBRARY\DSUBT.LLB
Fri May 05 20:33:49 Loaded file C:\ORCADWIN\LAYOUT\LIBRARY\JUMPER.LLB
Fri May 05 20:33:49 Loaded file C:\ORCADWIN\LAYOUT\LIBRARY\SM.LLB
Fri May 05 20:33:49 Loaded file C:\ORCADWIN\LAYOUT\LIBRARY\TM_CAP_P.LLB
Fri May 05 20:33:49 Loaded file C:\ORCADWIN\LAYOUT\library\sheet05.llb
Fri May 05 20:33:49 Unable to find Alternate Footprint: SOG.050/14/WG.244/L.375
Fri May 05 20:33:49 Loaded file C:\ORCADWIN\LAYOUT\LIBRARY\TO.LLB
Fri May 05 20:33:49 Loaded file C:\ORCADWIN\LAYOUT\LIBRARY\SOJ.LLB
Fri May 05 20:33:49 Loaded file C:\ORCADWIN\LAYOUT\LIBRARY\DIP100T.LLB
Fri May 05 20:33:49 Loaded file C:\ORCADWIN\LAYOUT\LIBRARY\DIP100B.LLB
Fri May 05 20:33:49 Loaded file C:\ORCADWIN\LAYOUT\LIBRARY\DSUBT.LLB
Fri May 05 20:33:49 Loaded file C:\ORCADWIN\LAYOUT\LIBRARY\JUMPER.LLB
Fri May 05 20:33:49 Loaded file C:\ORCADWIN\LAYOUT\LIBRARY\SM.LLB
Fri May 05 20:33:49 Loaded file C:\ORCADWIN\LAYOUT\LIBRARY\TM_CAP_P.LLB
Fri May 05 20:33:49 Loaded file C:\ORCADWIN\LAYOUT\library\sheet05.llb
Fri May 05 20:33:49 Unable to find Alternate Footprint: SOG.050/14/WG.244/L.375
Fri May 05 20:33:49 Loaded file C:\ORCADWIN\LAYOUT\LIBRARY\TO.LLB
Fri May 05 20:33:49 Loaded file C:\ORCADWIN\LAYOUT\LIBRARY\SOJ.LLB
Fri May 05 20:33:49 Loaded file C:\ORCADWIN\LAYOUT\LIBRARY\DIP100T.LLB
Fri May 05 20:33:49 Loaded file C:\ORCADWIN\LAYOUT\LIBRARY\DIP100B.LLB
Fri May 05 20:33:49 Loaded file C:\ORCADWIN\LAYOUT\LIBRARY\DSUBT.LLB
Fri May 05 20:33:49 Loaded file C:\ORCADWIN\LAYOUT\LIBRARY\JUMPER.LLB
Fri May 05 20:33:49 Loaded file C:\ORCADWIN\LAYOUT\LIBRARY\SM.LLB
Fri May 05 20:33:49 Loaded file C:\ORCADWIN\LAYOUT\LIBRARY\TM_CAP_P.LLB
Fri May 05 20:33:49 Loaded file C:\ORCADWIN\LAYOUT\library\sheet05.llb
Fri May 05 20:33:49 Unable to find Alternate Footprint: SOG.050/14/WG.244/L.375
Fri May 05 20:33:49 Loaded file C:\ORCADWIN\LAYOUT\LIBRARY\TO.LLB
Fri May 05 20:33:49 Loaded file C:\ORCADWIN\LAYOUT\LIBRARY\SOJ.LLB
Fri May 05 20:33:49 Loaded file C:\ORCADWIN\LAYOUT\LIBRARY\DIP100T.LLB
Fri May 05 20:33:49 Loaded file C:\ORCADWIN\LAYOUT\LIBRARY\DIP100B.LLB
Fri May 05 20:33:49 Loaded file C:\ORCADWIN\LAYOUT\LIBRARY\DSUBT.LLB
Fri May 05 20:33:49 Loaded file C:\ORCADWIN\LAYOUT\LIBRARY\JUMPER.LLB
Fri May 05 20:33:49 Loaded file C:\ORCADWIN\LAYOUT\LIBRARY\SM.LLB
Fri May 05 20:33:49 Loaded file C:\ORCADWIN\LAYOUT\LIBRARY\TM_CAP_P.LLB
Fri May 05 20:33:49 Loaded file C:\ORCADWIN\LAYOUT\library\sheet05.llb
Fri May 05 20:33:49 Unable to find Alternate Footprint: SOG.050/14/WG.244/L.375
Fri May 05 20:33:49 Loaded file C:\ORCADWIN\LAYOUT\LIBRARY\TO.LLB
Fri May 05 20:33:49 Loaded file C:\ORCADWIN\LAYOUT\LIBRARY\SOJ.LLB
Fri May 05 20:33:49 Loaded file C:\ORCADWIN\LAYOUT\LIBRARY\DIP100T.LLB
Fri May 05 20:33:49 Loaded file C:\ORCADWIN\LAYOUT\LIBRARY\DIP100B.LLB
Fri May 05 20:33:49 Loaded file C:\ORCADWIN\LAYOUT\LIBRARY\DSUBT.LLB
Fri May 05 20:33:49 Loaded file C:\ORCADWIN\LAYOUT\LIBRARY\JUMPER.LLB
Fri May 05 20:33:49 Loaded file C:\ORCADWIN\LAYOUT\LIBRARY\SM.LLB
Fri May 05 20:33:49 Loaded file C:\ORCADWIN\LAYOUT\LIBRARY\TM_CAP_P.LLB
Fri May 05 20:33:49 Loaded file C:\ORCADWIN\LAYOUT\library\sheet05.llb
Fri May 05 20:33:49 Unable to find Alternate Footprint: SOG.050/14/WG.244/L.375
Fri May 05 20:33:49 Loaded file C:\ORCADWIN\LAYOUT\LIBRARY\TO.LLB
Fri May 05 20:33:49 Loaded file C:\ORCADWIN\LAYOUT\LIBRARY\SOJ.LLB
Fri May 05 20:33:49 Loaded file C:\ORCADWIN\LAYOUT\LIBRARY\DIP100T.LLB
Fri May 05 20:33:49 Loaded file C:\ORCADWIN\LAYOUT\LIBRARY\DIP100B.LLB
Fri May 05 20:33:49 Loaded file C:\ORCADWIN\LAYOUT\LIBRARY\DSUBT.LLB
Fri May 05 20:33:49 Loaded file C:\ORCADWIN\LAYOUT\LIBRARY\JUMPER.LLB
Fri May 05 20:33:49 Loaded file C:\ORCADWIN\LAYOUT\LIBRARY\SM.LLB
Fri May 05 20:33:49 Loaded file C:\ORCADWIN\LAYOUT\LIBRARY\TM_CAP_P.LLB
Fri May 05 20:33:49 Loaded file C:\ORCADWIN\LAYOUT\library\sheet05.llb
Fri May 05 20:33:49 Unable to find Alternate Footprint: SOG.050/14/WG.244/L.375
Fri May 05 20:33:49 Loaded file C:\ORCADWIN\LAYOUT\LIBRARY\TO.LLB
Fri May 05 20:33:49 Loaded file C:\ORCADWIN\LAYOUT\LIBRARY\SOJ.LLB
Fri May 05 20:33:49 Loaded file C:\ORCADWIN\LAYOUT\LIBRARY\DIP100T.LLB
Fri May 05 20:33:49 Loaded file C:\ORCADWIN\LAYOUT\LIBRARY\DIP100B.LLB
Fri May 05 20:33:49 Loaded file C:\ORCADWIN\LAYOUT\LIBRARY\DSUBT.LLB
Fri May 05 20:33:49 Loaded file C:\ORCADWIN\LAYOUT\LIBRARY\JUMPER.LLB
Fri May 05 20:33:49 Loaded file C:\ORCADWIN\LAYOUT\LIBRARY\SM.LLB
Fri May 05 20:33:49 Loaded file C:\ORCADWIN\LAYOUT\LIBRARY\TM_CAP_P.LLB
Fri May 05 20:33:49 Loaded file C:\ORCADWIN\LAYOUT\library\sheet05.llb
Fri May 05 20:33:49 Unable to find Alternate Footprint: SOG.050/14/WG.244/L.375
Fri May 05 20:33:49 Loaded file C:\ORCADWIN\LAYOUT\LIBRARY\TO.LLB
Fri May 05 20:33:49 Loaded file C:\ORCADWIN\LAYOUT\LIBRARY\SOJ.LLB
Fri May 05 20:33:49 Loaded file C:\ORCADWIN\LAYOUT\LIBRARY\DIP100T.LLB
Fri May 05 20:33:49 Loaded file C:\ORCADWIN\LAYOUT\LIBRARY\DIP100B.LLB
Fri May 05 20:33:49 Loaded file C:\ORCADWIN\LAYOUT\LIBRARY\DSUBT.LLB
Fri May 05 20:33:49 Loaded file C:\ORCADWIN\LAYOUT\LIBRARY\JUMPER.LLB
Fri May 05 20:33:49 Loaded file C:\ORCADWIN\LAYOUT\LIBRARY\SM.LLB
Fri May 05 20:33:49 Loaded file C:\ORCADWIN\LAYOUT\LIBRARY\TM_CAP_P.LLB
Fri May 05 20:33:49 Loaded file C:\ORCADWIN\LAYOUT\library\sheet05.llb
Fri May 05 20:33:49 Unable to find Alternate Footprint: SOG.050/14/WG.244/L.375
Fri May 05 20:33:49 Loaded file C:\ORCADWIN\LAYOUT\LIBRARY\TO.LLB
Fri May 05 20:33:49 Loaded file C:\ORCADWIN\LAYOUT\LIBRARY\SOJ.LLB
Fri May 05 20:33:49 Loaded file C:\ORCADWIN\LAYOUT\LIBRARY\DIP100T.LLB
Fri May 05 20:33:49 Loaded file C:\ORCADWIN\LAYOUT\LIBRARY\DIP100B.LLB
Fri May 05 20:33:49 Loaded file C:\ORCADWIN\LAYOUT\LIBRARY\DSUBT.LLB
Fri May 05 20:33:49 Loaded file C:\ORCADWIN\LAYOUT\LIBRARY\JUMPER.LLB
Fri May 05 20:33:49 Loaded file C:\ORCADWIN\LAYOUT\LIBRARY\SM.LLB
Fri May 05 20:33:49 Loaded file C:\ORCADWIN\LAYOUT\LIBRARY\TM_CAP_P.LLB
Fri May 05 20:33:49 Loaded file C:\ORCADWIN\LAYOUT\library\sheet05.llb
Fri May 05 20:33:49 Unable to find Alternate Footprint: SOG.050/14/WG.244/L.375
Fri May 05 20:33:49 Loaded file C:\ORCADWIN\LAYOUT\LIBRARY\TO.LLB
Fri May 05 20:33:49 Loaded file C:\ORCADWIN\LAYOUT\LIBRARY\SOJ.LLB
Fri May 05 20:33:49 Loaded file C:\ORCADWIN\LAYOUT\LIBRARY\DIP100T.LLB
Fri May 05 20:33:49 Loaded file C:\ORCADWIN\LAYOUT\LIBRARY\DIP100B.LLB
Fri May 05 20:33:49 Loaded file C:\ORCADWIN\LAYOUT\LIBRARY\DSUBT.LLB
Fri May 05 20:33:49 Loaded file C:\ORCADWIN\LAYOUT\LIBRARY\JUMPER.LLB
Fri May 05 20:33:49 Loaded file C:\ORCADWIN\LAYOUT\LIBRARY\SM.LLB
Fri May 05 20:33:49 Loaded file C:\ORCADWIN\LAYOUT\LIBRARY\TM_CAP_P.LLB
Fri May 05 20:33:49 Loaded file C:\ORCADWIN\LAYOUT\library\sheet05.llb
Fri May 05 20:33:49 Unable to find Alternate Footprint: SOG.050/14/WG.244/L.375
Fri May 05 20:33:49 Loaded file C:\ORCADWIN\LAYOUT\LIBRARY\TO.LLB
Fri May 05 20:33:49 Loaded file C:\ORCADWIN\LAYOUT\LIBRARY\SOJ.LLB
Fri May 05 20:33:49 Loaded file C:\ORCADWIN\LAYOUT\LIBRARY\DIP100T.LLB
Fri May 05 20:33:49 Loaded file C:\ORCADWIN\LAYOUT\LIBRARY\DIP100B.LLB
Fri May 05 20:33:49 Loaded file C:\ORCADWIN\LAYOUT\LIBRARY\DSUBT.LLB
Fri May 05 20:33:49 Loaded file C:\ORCADWIN\LAYOUT\LIBRARY\JUMPER.LLB
Fri May 05 20:33:49 Loaded file C:\ORCADWIN\LAYOUT\LIBRARY\SM.LLB
Fri May 05 20:33:49 Loaded file C:\ORCADWIN\LAYOUT\LIBRARY\TM_CAP_P.LLB
Fri May 05 20:33:49 Loaded file C:\ORCADWIN\LAYOUT\library\sheet05.llb
Fri May 05 20:33:49 Unable to find Alternate Footprint: SOG.050/14/WG.244/L.375
Fri May 05 20:33:49 Loaded file C:\ORCADWIN\LAYOUT\LIBRARY\TO.LLB
Fri May 05 20:33:49 Loaded file C:\ORCADWIN\LAYOUT\LIBRARY\SOJ.LLB
Fri May 05 20:33:49 Loaded file C:\ORCADWIN\LAYOUT\LIBRARY\DIP100T.LLB
Fri May 05 20:33:49 Loaded file C:\ORCADWIN\LAYOUT\LIBRARY\DIP100B.LLB
Fri May 05 20:33:49 Loaded file C:\ORCADWIN\LAYOUT\LIBRARY\DSUBT.LLB
Fri May 05 20:33:49 Loaded file C:\ORCADWIN\LAYOUT\LIBRARY\JUMPER.LLB
Fri May 05 20:33:49 Loaded file C:\ORCADWIN\LAYOUT\LIBRARY\SM.LLB
Fri May 05 20:33:50 Loaded file C:\ORCADWIN\LAYOUT\LIBRARY\TM_CAP_P.LLB
Fri May 05 20:33:50 Loaded file C:\ORCADWIN\LAYOUT\library\sheet05.llb
Fri May 05 20:33:50 Unable to find Alternate Footprint: SOG.050/14/WG.244/L.375
Fri May 05 20:33:50 Loaded file C:\ORCADWIN\LAYOUT\LIBRARY\TO.LLB
Fri May 05 20:33:50 Loaded file C:\ORCADWIN\LAYOUT\LIBRARY\SOJ.LLB
Fri May 05 20:33:50 Loaded file C:\ORCADWIN\LAYOUT\LIBRARY\DIP100T.LLB
Fri May 05 20:33:50 Loaded file C:\ORCADWIN\LAYOUT\LIBRARY\DIP100B.LLB
Fri May 05 20:33:50 Loaded file C:\ORCADWIN\LAYOUT\LIBRARY\DSUBT.LLB
Fri May 05 20:33:50 Loaded file C:\ORCADWIN\LAYOUT\LIBRARY\JUMPER.LLB
Fri May 05 20:33:50 Loaded file C:\ORCADWIN\LAYOUT\LIBRARY\SM.LLB
Fri May 05 20:33:50 Loaded file C:\ORCADWIN\LAYOUT\LIBRARY\TM_CAP_P.LLB
Fri May 05 20:33:50 Loaded file C:\ORCADWIN\LAYOUT\library\sheet05.llb
Fri May 05 20:33:50 Unable to find Alternate Footprint: SOG.050/14/WG.244/L.375
Fri May 05 20:33:50 Loaded file C:\ORCADWIN\LAYOUT\LIBRARY\TO.LLB
Fri May 05 20:33:50 Loaded file C:\ORCADWIN\LAYOUT\LIBRARY\SOJ.LLB
Fri May 05 20:33:50 Loaded file C:\ORCADWIN\LAYOUT\LIBRARY\DIP100T.LLB
Fri May 05 20:33:50 Loaded file C:\ORCADWIN\LAYOUT\LIBRARY\DIP100B.LLB
Fri May 05 20:33:50 Loaded file C:\ORCADWIN\LAYOUT\LIBRARY\DSUBT.LLB
Fri May 05 20:33:50 Loaded file C:\ORCADWIN\LAYOUT\LIBRARY\JUMPER.LLB
Fri May 05 20:33:50 Loaded file C:\ORCADWIN\LAYOUT\LIBRARY\SM.LLB
Fri May 05 20:33:50 Loaded file C:\ORCADWIN\LAYOUT\LIBRARY\TM_CAP_P.LLB
Fri May 05 20:33:50 Loaded file C:\ORCADWIN\LAYOUT\library\sheet05.llb
Fri May 05 20:33:50 Unable to find Alternate Footprint: SOG.050/14/WG.244/L.375
Fri May 05 20:33:50 Loaded file C:\ORCADWIN\LAYOUT\LIBRARY\TO.LLB
Fri May 05 20:33:50 Loaded file C:\ORCADWIN\LAYOUT\LIBRARY\SOJ.LLB
Fri May 05 20:33:50 Loaded file C:\ORCADWIN\LAYOUT\LIBRARY\DIP100T.LLB
Fri May 05 20:33:50 Loaded file C:\ORCADWIN\LAYOUT\LIBRARY\DIP100B.LLB
Fri May 05 20:33:50 Loaded file C:\ORCADWIN\LAYOUT\LIBRARY\DSUBT.LLB
Fri May 05 20:33:50 Loaded file C:\ORCADWIN\LAYOUT\LIBRARY\JUMPER.LLB
Fri May 05 20:33:50 Loaded file C:\ORCADWIN\LAYOUT\LIBRARY\SM.LLB
Fri May 05 20:33:50 Loaded file C:\ORCADWIN\LAYOUT\LIBRARY\TM_CAP_P.LLB
Fri May 05 20:33:50 Loaded file C:\ORCADWIN\LAYOUT\library\sheet05.llb
Fri May 05 20:33:50 Unable to find Alternate Footprint: SOG.050/14/WG.244/L.375
Fri May 05 20:33:50 Loaded file C:\ORCADWIN\LAYOUT\LIBRARY\TO.LLB
Fri May 05 20:33:50 Loaded file C:\ORCADWIN\LAYOUT\LIBRARY\SOJ.LLB
Fri May 05 20:33:50 Loaded file C:\ORCADWIN\LAYOUT\LIBRARY\DIP100T.LLB
Fri May 05 20:33:50 Loaded file C:\ORCADWIN\LAYOUT\LIBRARY\DIP100B.LLB
Fri May 05 20:33:50 Loaded file C:\ORCADWIN\LAYOUT\LIBRARY\DSUBT.LLB
Fri May 05 20:33:50 Loaded file C:\ORCADWIN\LAYOUT\LIBRARY\JUMPER.LLB
Fri May 05 20:33:50 Loaded file C:\ORCADWIN\LAYOUT\LIBRARY\SM.LLB
Fri May 05 20:33:50 Loaded file C:\ORCADWIN\LAYOUT\LIBRARY\TM_CAP_P.LLB
Fri May 05 20:33:50 Loaded file C:\ORCADWIN\LAYOUT\library\sheet05.llb
Fri May 05 20:33:50 Unable to find Alternate Footprint: SOG.050/14/WG.244/L.375
Fri May 05 20:33:50 Loaded file C:\ORCADWIN\LAYOUT\LIBRARY\TO.LLB
Fri May 05 20:33:50 Loaded file C:\ORCADWIN\LAYOUT\LIBRARY\SOJ.LLB
Fri May 05 20:33:50 Loaded file C:\ORCADWIN\LAYOUT\LIBRARY\DIP100T.LLB
Fri May 05 20:33:50 Loaded file C:\ORCADWIN\LAYOUT\LIBRARY\DIP100B.LLB
Fri May 05 20:33:50 Loaded file C:\ORCADWIN\LAYOUT\LIBRARY\DSUBT.LLB
Fri May 05 20:33:50 Loaded file C:\ORCADWIN\LAYOUT\LIBRARY\JUMPER.LLB
Fri May 05 20:33:50 Loaded file C:\ORCADWIN\LAYOUT\LIBRARY\SM.LLB
Fri May 05 20:33:50 Loaded file C:\ORCADWIN\LAYOUT\LIBRARY\TM_CAP_P.LLB
Fri May 05 20:33:50 Loaded file C:\ORCADWIN\LAYOUT\library\sheet05.llb
Fri May 05 20:33:50 Unable to find Alternate Footprint: SOG.050/14/WG.244/L.375
Fri May 05 20:33:50 Loaded file C:\ORCADWIN\LAYOUT\LIBRARY\TO.LLB
Fri May 05 20:33:50 Loaded file C:\ORCADWIN\LAYOUT\LIBRARY\SOJ.LLB
Fri May 05 20:33:50 Loaded file C:\ORCADWIN\LAYOUT\LIBRARY\DIP100T.LLB
Fri May 05 20:33:50 Loaded file C:\ORCADWIN\LAYOUT\LIBRARY\DIP100B.LLB
Fri May 05 20:33:50 Loaded file C:\ORCADWIN\LAYOUT\LIBRARY\DSUBT.LLB
Fri May 05 20:33:50 Loaded file C:\ORCADWIN\LAYOUT\LIBRARY\JUMPER.LLB
Fri May 05 20:33:50 Loaded file C:\ORCADWIN\LAYOUT\LIBRARY\SM.LLB
Fri May 05 20:33:50 Loaded file C:\ORCADWIN\LAYOUT\LIBRARY\TM_CAP_P.LLB
Fri May 05 20:33:50 Loaded file C:\ORCADWIN\LAYOUT\library\sheet05.llb
Fri May 05 20:33:50 Unable to find Alternate Footprint: SOG.050/14/WG.244/L.375
Fri May 05 20:33:50 Loaded file C:\ORCADWIN\LAYOUT\LIBRARY\TO.LLB
Fri May 05 20:33:50 Loaded file C:\ORCADWIN\LAYOUT\LIBRARY\SOJ.LLB
Fri May 05 20:33:50 Loaded file C:\ORCADWIN\LAYOUT\LIBRARY\DIP100T.LLB
Fri May 05 20:33:50 Loaded file C:\ORCADWIN\LAYOUT\LIBRARY\DIP100B.LLB
Fri May 05 20:33:50 Loaded file C:\ORCADWIN\LAYOUT\LIBRARY\DSUBT.LLB
Fri May 05 20:33:50 Loaded file C:\ORCADWIN\LAYOUT\LIBRARY\JUMPER.LLB
Fri May 05 20:33:50 Loaded file C:\ORCADWIN\LAYOUT\LIBRARY\SM.LLB
Fri May 05 20:33:50 Loaded file C:\ORCADWIN\LAYOUT\LIBRARY\TM_CAP_P.LLB
Fri May 05 20:33:50 Loaded file C:\ORCADWIN\LAYOUT\library\sheet05.llb
Fri May 05 20:33:50 Unable to find Alternate Footprint: SOG.050/14/WG.244/L.375
Fri May 05 20:33:50 Loaded file C:\ORCADWIN\LAYOUT\LIBRARY\TO.LLB
Fri May 05 20:33:50 Loaded file C:\ORCADWIN\LAYOUT\LIBRARY\SOJ.LLB
Fri May 05 20:33:50 Loaded file C:\ORCADWIN\LAYOUT\LIBRARY\DIP100T.LLB
Fri May 05 20:33:50 Loaded file C:\ORCADWIN\LAYOUT\LIBRARY\DIP100B.LLB
Fri May 05 20:33:50 Loaded file C:\ORCADWIN\LAYOUT\LIBRARY\DSUBT.LLB
Fri May 05 20:33:50 Loaded file C:\ORCADWIN\LAYOUT\LIBRARY\JUMPER.LLB
Fri May 05 20:33:50 Loaded file C:\ORCADWIN\LAYOUT\LIBRARY\SM.LLB
Fri May 05 20:33:50 Loaded file C:\ORCADWIN\LAYOUT\LIBRARY\TM_CAP_P.LLB
Fri May 05 20:33:50 Loaded file C:\ORCADWIN\LAYOUT\library\sheet05.llb
Fri May 05 20:33:50 Unable to find Alternate Footprint: SOG.050/14/WG.244/L.375
Fri May 05 20:33:50 Loaded file C:\ORCADWIN\LAYOUT\LIBRARY\TO.LLB
Fri May 05 20:33:50 Loaded file C:\ORCADWIN\LAYOUT\LIBRARY\SOJ.LLB
Fri May 05 20:33:50 Loaded file C:\ORCADWIN\LAYOUT\LIBRARY\DIP100T.LLB
Fri May 05 20:33:50 Loaded file C:\ORCADWIN\LAYOUT\LIBRARY\DIP100B.LLB
Fri May 05 20:33:50 Loaded file C:\ORCADWIN\LAYOUT\LIBRARY\DSUBT.LLB
Fri May 05 20:33:50 Loaded file C:\ORCADWIN\LAYOUT\LIBRARY\JUMPER.LLB
Fri May 05 20:33:50 Loaded file C:\ORCADWIN\LAYOUT\LIBRARY\SM.LLB
Fri May 05 20:33:50 Loaded file C:\ORCADWIN\LAYOUT\LIBRARY\TM_CAP_P.LLB
Fri May 05 20:33:50 Loaded file C:\ORCADWIN\LAYOUT\library\sheet05.llb
Fri May 05 20:33:50 Unable to find Alternate Footprint: SOG.050/14/WG.244/L.375
Fri May 05 20:33:50 Loaded file C:\ORCADWIN\LAYOUT\LIBRARY\TO.LLB
Fri May 05 20:33:50 Loaded file C:\ORCADWIN\LAYOUT\LIBRARY\SOJ.LLB
Fri May 05 20:33:50 Loaded file C:\ORCADWIN\LAYOUT\LIBRARY\DIP100T.LLB
Fri May 05 20:33:50 Loaded file C:\ORCADWIN\LAYOUT\LIBRARY\DIP100B.LLB
Fri May 05 20:33:50 Loaded file C:\ORCADWIN\LAYOUT\LIBRARY\DSUBT.LLB
Fri May 05 20:33:50 Loaded file C:\ORCADWIN\LAYOUT\LIBRARY\JUMPER.LLB
Fri May 05 20:33:50 Loaded file C:\ORCADWIN\LAYOUT\LIBRARY\SM.LLB
Fri May 05 20:33:50 Loaded file C:\ORCADWIN\LAYOUT\LIBRARY\TM_CAP_P.LLB
Fri May 05 20:33:50 Loaded file C:\ORCADWIN\LAYOUT\library\sheet05.llb
Fri May 05 20:33:50 Unable to find Alternate Footprint: SOG.050/14/WG.244/L.375
Fri May 05 20:33:50 Loaded file C:\ORCADWIN\LAYOUT\LIBRARY\TO.LLB
Fri May 05 20:33:50 Loaded file C:\ORCADWIN\LAYOUT\LIBRARY\SOJ.LLB
Fri May 05 20:33:50 Loaded file C:\ORCADWIN\LAYOUT\LIBRARY\DIP100T.LLB
Fri May 05 20:33:50 Loaded file C:\ORCADWIN\LAYOUT\LIBRARY\DIP100B.LLB
Fri May 05 20:33:50 Loaded file C:\ORCADWIN\LAYOUT\LIBRARY\DSUBT.LLB
Fri May 05 20:33:50 Loaded file C:\ORCADWIN\LAYOUT\LIBRARY\JUMPER.LLB
Fri May 05 20:33:50 Loaded file C:\ORCADWIN\LAYOUT\LIBRARY\SM.LLB
Fri May 05 20:33:50 Loaded file C:\ORCADWIN\LAYOUT\LIBRARY\TM_CAP_P.LLB
Fri May 05 20:33:50 Loaded file C:\ORCADWIN\LAYOUT\library\sheet05.llb
Fri May 05 20:33:50 Unable to find Alternate Footprint: SOG.050/14/WG.244/L.375
Fri May 05 20:33:50 Loaded file C:\ORCADWIN\LAYOUT\LIBRARY\TO.LLB
Fri May 05 20:33:50 Loaded file C:\ORCADWIN\LAYOUT\LIBRARY\SOJ.LLB
Fri May 05 20:33:50 Loaded file C:\ORCADWIN\LAYOUT\LIBRARY\DIP100T.LLB
Fri May 05 20:33:50 Loaded file C:\ORCADWIN\LAYOUT\LIBRARY\DIP100B.LLB
Fri May 05 20:33:50 Loaded file C:\ORCADWIN\LAYOUT\LIBRARY\DSUBT.LLB
Fri May 05 20:33:50 Loaded file C:\ORCADWIN\LAYOUT\LIBRARY\JUMPER.LLB
Fri May 05 20:33:50 Loaded file C:\ORCADWIN\LAYOUT\LIBRARY\SM.LLB
Fri May 05 20:33:50 Loaded file C:\ORCADWIN\LAYOUT\LIBRARY\TM_CAP_P.LLB
Fri May 05 20:33:50 Loaded file C:\ORCADWIN\LAYOUT\library\sheet05.llb
Fri May 05 20:33:50 Unable to find Alternate Footprint: SOG.050/14/WG.244/L.375
Fri May 05 20:33:50 Loaded file C:\ORCADWIN\LAYOUT\LIBRARY\TO.LLB
Fri May 05 20:33:50 Loaded file C:\ORCADWIN\LAYOUT\LIBRARY\SOJ.LLB
Fri May 05 20:33:50 Loaded file C:\ORCADWIN\LAYOUT\LIBRARY\DIP100T.LLB
Fri May 05 20:33:50 Loaded file C:\ORCADWIN\LAYOUT\LIBRARY\DIP100B.LLB
Fri May 05 20:33:50 Loaded file C:\ORCADWIN\LAYOUT\LIBRARY\DSUBT.LLB
Fri May 05 20:33:50 Loaded file C:\ORCADWIN\LAYOUT\LIBRARY\JUMPER.LLB
Fri May 05 20:33:50 Loaded file C:\ORCADWIN\LAYOUT\LIBRARY\SM.LLB
Fri May 05 20:33:50 Loaded file C:\ORCADWIN\LAYOUT\LIBRARY\TM_CAP_P.LLB
Fri May 05 20:33:50 Loaded file C:\ORCADWIN\LAYOUT\library\sheet05.llb
Fri May 05 20:33:50 Unable to find Alternate Footprint: SOG.050/14/WG.244/L.375
Fri May 05 20:33:50 Loaded file C:\ORCADWIN\LAYOUT\LIBRARY\TO.LLB
Fri May 05 20:33:50 Loaded file C:\ORCADWIN\LAYOUT\LIBRARY\SOJ.LLB
Fri May 05 20:33:50 Loaded file C:\ORCADWIN\LAYOUT\LIBRARY\DIP100T.LLB
Fri May 05 20:33:50 Loaded file C:\ORCADWIN\LAYOUT\LIBRARY\DIP100B.LLB
Fri May 05 20:33:50 Loaded file C:\ORCADWIN\LAYOUT\LIBRARY\DSUBT.LLB
Fri May 05 20:33:50 Loaded file C:\ORCADWIN\LAYOUT\LIBRARY\JUMPER.LLB
Fri May 05 20:33:50 Loaded file C:\ORCADWIN\LAYOUT\LIBRARY\SM.LLB
Fri May 05 20:33:50 Loaded file C:\ORCADWIN\LAYOUT\LIBRARY\TM_CAP_P.LLB
Fri May 05 20:33:50 Loaded file C:\ORCADWIN\LAYOUT\library\sheet05.llb
Fri May 05 20:33:50 Unable to find Alternate Footprint: SOG.050/14/WG.244/L.375
Fri May 05 20:33:50 Loaded file C:\ORCADWIN\LAYOUT\LIBRARY\TO.LLB
Fri May 05 20:33:50 Loaded file C:\ORCADWIN\LAYOUT\LIBRARY\SOJ.LLB
Fri May 05 20:33:50 Loaded file C:\ORCADWIN\LAYOUT\LIBRARY\DIP100T.LLB
Fri May 05 20:33:50 Loaded file C:\ORCADWIN\LAYOUT\LIBRARY\DIP100B.LLB
Fri May 05 20:33:50 Loaded file C:\ORCADWIN\LAYOUT\LIBRARY\DSUBT.LLB
Fri May 05 20:33:50 Loaded file C:\ORCADWIN\LAYOUT\LIBRARY\JUMPER.LLB
Fri May 05 20:33:50 Loaded file C:\ORCADWIN\LAYOUT\LIBRARY\SM.LLB
Fri May 05 20:33:50 Loaded file C:\ORCADWIN\LAYOUT\LIBRARY\TM_CAP_P.LLB
Fri May 05 20:33:50 Loaded file C:\ORCADWIN\LAYOUT\library\sheet05.llb
Fri May 05 20:33:50 Unable to find Alternate Footprint: SOG.050/14/WG.244/L.375
Fri May 05 20:33:50 Loaded file C:\ORCADWIN\LAYOUT\LIBRARY\TO.LLB
Fri May 05 20:33:50 Loaded file C:\ORCADWIN\LAYOUT\LIBRARY\SOJ.LLB
Fri May 05 20:33:50 Loaded file C:\ORCADWIN\LAYOUT\LIBRARY\DIP100T.LLB
Fri May 05 20:33:50 Loaded file C:\ORCADWIN\LAYOUT\LIBRARY\DIP100B.LLB
Fri May 05 20:33:50 Loaded file C:\ORCADWIN\LAYOUT\LIBRARY\DSUBT.LLB
Fri May 05 20:33:50 Loaded file C:\ORCADWIN\LAYOUT\LIBRARY\JUMPER.LLB
Fri May 05 20:33:50 Loaded file C:\ORCADWIN\LAYOUT\LIBRARY\SM.LLB
Fri May 05 20:33:50 Loaded file C:\ORCADWIN\LAYOUT\LIBRARY\TM_CAP_P.LLB
Fri May 05 20:33:50 Loaded file C:\ORCADWIN\LAYOUT\library\sheet05.llb
Fri May 05 20:33:50 Unable to find Alternate Footprint: SOG.050/14/WG.244/L.375
Fri May 05 20:33:50 Loaded file C:\ORCADWIN\LAYOUT\LIBRARY\TO.LLB
Fri May 05 20:33:50 Loaded file C:\ORCADWIN\LAYOUT\LIBRARY\SOJ.LLB
Fri May 05 20:33:50 Loaded file C:\ORCADWIN\LAYOUT\LIBRARY\DIP100T.LLB
Fri May 05 20:33:50 Loaded file C:\ORCADWIN\LAYOUT\LIBRARY\DIP100B.LLB
Fri May 05 20:33:50 Loaded file C:\ORCADWIN\LAYOUT\LIBRARY\DSUBT.LLB
Fri May 05 20:33:50 Loaded file C:\ORCADWIN\LAYOUT\LIBRARY\JUMPER.LLB
Fri May 05 20:33:50 Loaded file C:\ORCADWIN\LAYOUT\LIBRARY\SM.LLB
Fri May 05 20:33:50 Loaded file C:\ORCADWIN\LAYOUT\LIBRARY\TM_CAP_P.LLB
Fri May 05 20:33:50 Loaded file C:\ORCADWIN\LAYOUT\library\sheet05.llb
Fri May 05 20:33:50 Unable to find Alternate Footprint: SOG.050/14/WG.244/L.375
Fri May 05 20:33:50 Loaded file C:\ORCADWIN\LAYOUT\LIBRARY\TO.LLB
Fri May 05 20:33:50 Loaded file C:\ORCADWIN\LAYOUT\LIBRARY\SOJ.LLB
Fri May 05 20:33:50 Loaded file C:\ORCADWIN\LAYOUT\LIBRARY\DIP100T.LLB
Fri May 05 20:33:50 Loaded file C:\ORCADWIN\LAYOUT\LIBRARY\DIP100B.LLB
Fri May 05 20:33:50 Loaded file C:\ORCADWIN\LAYOUT\LIBRARY\DSUBT.LLB
Fri May 05 20:33:50 Loaded file C:\ORCADWIN\LAYOUT\LIBRARY\JUMPER.LLB
Fri May 05 20:33:50 Loaded file C:\ORCADWIN\LAYOUT\LIBRARY\SM.LLB
Fri May 05 20:33:50 Loaded file C:\ORCADWIN\LAYOUT\LIBRARY\TM_CAP_P.LLB
Fri May 05 20:33:50 Loaded file C:\ORCADWIN\LAYOUT\library\sheet05.llb
Fri May 05 20:33:50 Unable to find Alternate Footprint: SOG.050/14/WG.244/L.375
Fri May 05 20:33:50 Loaded file C:\ORCADWIN\LAYOUT\LIBRARY\TO.LLB
Fri May 05 20:33:50 Loaded file C:\ORCADWIN\LAYOUT\LIBRARY\SOJ.LLB
Fri May 05 20:33:50 Loaded file C:\ORCADWIN\LAYOUT\LIBRARY\DIP100T.LLB
Fri May 05 20:33:50 Loaded file C:\ORCADWIN\LAYOUT\LIBRARY\DIP100B.LLB
Fri May 05 20:33:50 Loaded file C:\ORCADWIN\LAYOUT\LIBRARY\DSUBT.LLB
Fri May 05 20:33:50 Loaded file C:\ORCADWIN\LAYOUT\LIBRARY\JUMPER.LLB
Fri May 05 20:33:50 Loaded file C:\ORCADWIN\LAYOUT\LIBRARY\SM.LLB
Fri May 05 20:33:50 Loaded file C:\ORCADWIN\LAYOUT\LIBRARY\TM_CAP_P.LLB
Fri May 05 20:33:50 Loaded file C:\ORCADWIN\LAYOUT\library\sheet05.llb
Fri May 05 20:33:50 Unable to find Alternate Footprint: SOG.050/14/WG.244/L.375
Fri May 05 20:33:50 Loaded file C:\ORCADWIN\LAYOUT\LIBRARY\TO.LLB
Fri May 05 20:33:50 Loaded file C:\ORCADWIN\LAYOUT\LIBRARY\SOJ.LLB
Fri May 05 20:33:50 Loaded file C:\ORCADWIN\LAYOUT\LIBRARY\DIP100T.LLB
Fri May 05 20:33:50 Loaded file C:\ORCADWIN\LAYOUT\LIBRARY\DIP100B.LLB
Fri May 05 20:33:50 Loaded file C:\ORCADWIN\LAYOUT\LIBRARY\DSUBT.LLB
Fri May 05 20:33:50 Loaded file C:\ORCADWIN\LAYOUT\LIBRARY\JUMPER.LLB
Fri May 05 20:33:50 Loaded file C:\ORCADWIN\LAYOUT\LIBRARY\SM.LLB
Fri May 05 20:33:50 Loaded file C:\ORCADWIN\LAYOUT\LIBRARY\TM_CAP_P.LLB
Fri May 05 20:33:50 Loaded file C:\ORCADWIN\LAYOUT\library\sheet05.llb
Fri May 05 20:33:50 Unable to find Alternate Footprint: SOG.050/14/WG.244/L.375
Fri May 05 20:33:50 Loaded file C:\ORCADWIN\LAYOUT\LIBRARY\TO.LLB
Fri May 05 20:33:50 Loaded file C:\ORCADWIN\LAYOUT\LIBRARY\SOJ.LLB
Fri May 05 20:33:50 Loaded file C:\ORCADWIN\LAYOUT\LIBRARY\DIP100T.LLB
Fri May 05 20:33:50 Loaded file C:\ORCADWIN\LAYOUT\LIBRARY\DIP100B.LLB
Fri May 05 20:33:50 Loaded file C:\ORCADWIN\LAYOUT\LIBRARY\DSUBT.LLB
Fri May 05 20:33:50 Loaded file C:\ORCADWIN\LAYOUT\LIBRARY\JUMPER.LLB
Fri May 05 20:33:50 Loaded file C:\ORCADWIN\LAYOUT\LIBRARY\SM.LLB
Fri May 05 20:33:50 Loaded file C:\ORCADWIN\LAYOUT\LIBRARY\TM_CAP_P.LLB
Fri May 05 20:33:50 Loaded file C:\ORCADWIN\LAYOUT\library\sheet05.llb
Fri May 05 20:33:50 Unable to find Alternate Footprint: SOG.050/14/WG.244/L.375
Fri May 05 20:33:50 Saved as file C:\DOCUMENTS AND SETTINGS\TASOS\DESKTOP\3\LAYOUT 2 LAYERS\DESIGN1.MAX
Fri May 05 20:33:50 Loaded file C:\DOCUMENTS AND SETTINGS\TASOS\DESKTOP\3\LAYOUT 2 LAYERS\DESIGN1.MAX
Fri May 05 20:34:23 Saved as file C:\DOCUMENTS AND SETTINGS\TASOS\DESKTOP\3\LAYOUT 2 LAYERS\DESIGN1.MAX
Fri May 05 20:34:23 Saved as file BACKUP1.MAX
Fri May 05 20:34:23 Saved as file C:\DOCUMENTS AND SETTINGS\TASOS\DESKTOP\3\LAYOUT 2 LAYERS\DESIGN1.MAX
Fri May 05 20:34:24 UserDiv from Layout.INI for AutoECO: 60
Fri May 05 20:34:24 Loaded file C:\DOCUMENTS AND SETTINGS\TASOS\DESKTOP\3\LAYOUT 2 LAYERS\DESIGN1.MAX
Fri May 05 20:34:24 Loaded file C:\ORCADWIN\LAYOUT\LIBRARY\TO.LLB
Fri May 05 20:34:24 Loaded file C:\ORCADWIN\LAYOUT\LIBRARY\SOJ.LLB
Fri May 05 20:34:24 Loaded file C:\ORCADWIN\LAYOUT\LIBRARY\DIP100T.LLB
Fri May 05 20:34:24 Loaded file C:\ORCADWIN\LAYOUT\LIBRARY\DIP100B.LLB
Fri May 05 20:34:24 Loaded file C:\ORCADWIN\LAYOUT\LIBRARY\DSUBT.LLB
Fri May 05 20:34:24 Loaded file C:\ORCADWIN\LAYOUT\LIBRARY\JUMPER.LLB
Fri May 05 20:34:24 Loaded file C:\ORCADWIN\LAYOUT\LIBRARY\SM.LLB
Fri May 05 20:34:24 Loaded file C:\ORCADWIN\LAYOUT\LIBRARY\TM_CAP_P.LLB
Fri May 05 20:34:24 Loaded file C:\ORCADWIN\LAYOUT\library\sheet05.llb
Fri May 05 20:34:24 Loaded file C:\ORCADWIN\LAYOUT\LIBRARY\TO.LLB
Fri May 05 20:34:24 Loaded file C:\ORCADWIN\LAYOUT\LIBRARY\SOJ.LLB
Fri May 05 20:34:24 Loaded file C:\ORCADWIN\LAYOUT\LIBRARY\DIP100T.LLB
Fri May 05 20:34:24 Loaded file C:\ORCADWIN\LAYOUT\LIBRARY\DIP100B.LLB
Fri May 05 20:34:24 Loaded file C:\ORCADWIN\LAYOUT\LIBRARY\DSUBT.LLB
Fri May 05 20:34:24 Loaded file C:\ORCADWIN\LAYOUT\LIBRARY\JUMPER.LLB
Fri May 05 20:34:24 Loaded file C:\ORCADWIN\LAYOUT\LIBRARY\SM.LLB
Fri May 05 20:34:24 Loaded file C:\ORCADWIN\LAYOUT\LIBRARY\TM_CAP_P.LLB
Fri May 05 20:34:24 Loaded file C:\ORCADWIN\LAYOUT\library\sheet05.llb
Fri May 05 20:34:24 Unable to find Alternate Footprint: SOG.050/14/WG.244/L.375
Fri May 05 20:34:24 Loaded file C:\ORCADWIN\LAYOUT\LIBRARY\DIP100T.LLB
Fri May 05 20:34:24 Loaded file C:\ORCADWIN\LAYOUT\LIBRARY\TO.LLB
Fri May 05 20:34:24 Loaded file C:\ORCADWIN\LAYOUT\LIBRARY\SOJ.LLB
Fri May 05 20:34:24 Loaded file C:\ORCADWIN\LAYOUT\LIBRARY\DIP100T.LLB
Fri May 05 20:34:24 Loaded file C:\ORCADWIN\LAYOUT\LIBRARY\DIP100B.LLB
Fri May 05 20:34:24 Loaded file C:\ORCADWIN\LAYOUT\LIBRARY\DSUBT.LLB
Fri May 05 20:34:24 Loaded file C:\ORCADWIN\LAYOUT\LIBRARY\JUMPER.LLB
Fri May 05 20:34:24 Loaded file C:\ORCADWIN\LAYOUT\LIBRARY\SM.LLB
Fri May 05 20:34:24 Loaded file C:\ORCADWIN\LAYOUT\LIBRARY\TM_CAP_P.LLB
Fri May 05 20:34:24 Loaded file C:\ORCADWIN\LAYOUT\library\sheet05.llb
Fri May 05 20:34:24 Unable to find Alternate Footprint: SOG.050/14/WG.244/L.375
Fri May 05 20:34:24 Loaded file C:\ORCADWIN\LAYOUT\LIBRARY\TO.LLB
Fri May 05 20:34:24 Loaded file C:\ORCADWIN\LAYOUT\LIBRARY\SOJ.LLB
Fri May 05 20:34:24 Loaded file C:\ORCADWIN\LAYOUT\LIBRARY\DIP100T.LLB
Fri May 05 20:34:24 Loaded file C:\ORCADWIN\LAYOUT\LIBRARY\DIP100B.LLB
Fri May 05 20:34:24 Loaded file C:\ORCADWIN\LAYOUT\LIBRARY\DSUBT.LLB
Fri May 05 20:34:24 Loaded file C:\ORCADWIN\LAYOUT\LIBRARY\JUMPER.LLB
Fri May 05 20:34:24 Loaded file C:\ORCADWIN\LAYOUT\LIBRARY\SM.LLB
Fri May 05 20:34:24 Loaded file C:\ORCADWIN\LAYOUT\LIBRARY\TM_CAP_P.LLB
Fri May 05 20:34:24 Loaded file C:\ORCADWIN\LAYOUT\library\sheet05.llb
Fri May 05 20:34:24 Unable to find Alternate Footprint: SOG.050/14/WG.244/L.375
Fri May 05 20:34:24 Loaded file C:\ORCADWIN\LAYOUT\LIBRARY\TO.LLB
Fri May 05 20:34:24 Loaded file C:\ORCADWIN\LAYOUT\LIBRARY\SOJ.LLB
Fri May 05 20:34:24 Loaded file C:\ORCADWIN\LAYOUT\LIBRARY\DIP100T.LLB
Fri May 05 20:34:24 Loaded file C:\ORCADWIN\LAYOUT\LIBRARY\DIP100B.LLB
Fri May 05 20:34:24 Loaded file C:\ORCADWIN\LAYOUT\LIBRARY\DSUBT.LLB
Fri May 05 20:34:24 Loaded file C:\ORCADWIN\LAYOUT\LIBRARY\JUMPER.LLB
Fri May 05 20:34:24 Loaded file C:\ORCADWIN\LAYOUT\LIBRARY\SM.LLB
Fri May 05 20:34:24 Loaded file C:\ORCADWIN\LAYOUT\LIBRARY\TM_CAP_P.LLB
Fri May 05 20:34:24 Loaded file C:\ORCADWIN\LAYOUT\library\sheet05.llb
Fri May 05 20:34:24 Unable to find Alternate Footprint: SOG.050/14/WG.244/L.375
Fri May 05 20:34:24 Loaded file C:\ORCADWIN\LAYOUT\LIBRARY\TO.LLB
Fri May 05 20:34:24 Loaded file C:\ORCADWIN\LAYOUT\LIBRARY\SOJ.LLB
Fri May 05 20:34:24 Loaded file C:\ORCADWIN\LAYOUT\LIBRARY\DIP100T.LLB
Fri May 05 20:34:24 Loaded file C:\ORCADWIN\LAYOUT\LIBRARY\DIP100B.LLB
Fri May 05 20:34:24 Loaded file C:\ORCADWIN\LAYOUT\LIBRARY\DSUBT.LLB
Fri May 05 20:34:24 Loaded file C:\ORCADWIN\LAYOUT\LIBRARY\JUMPER.LLB
Fri May 05 20:34:24 Loaded file C:\ORCADWIN\LAYOUT\LIBRARY\SM.LLB
Fri May 05 20:34:24 Loaded file C:\ORCADWIN\LAYOUT\LIBRARY\TM_CAP_P.LLB
Fri May 05 20:34:24 Loaded file C:\ORCADWIN\LAYOUT\library\sheet05.llb
Fri May 05 20:34:24 Unable to find Alternate Footprint: SOG.050/14/WG.244/L.375
Fri May 05 20:34:24 Loaded file C:\ORCADWIN\LAYOUT\LIBRARY\TO.LLB
Fri May 05 20:34:24 Loaded file C:\ORCADWIN\LAYOUT\LIBRARY\SOJ.LLB
Fri May 05 20:34:24 Loaded file C:\ORCADWIN\LAYOUT\LIBRARY\DIP100T.LLB
Fri May 05 20:34:24 Loaded file C:\ORCADWIN\LAYOUT\LIBRARY\DIP100B.LLB
Fri May 05 20:34:24 Loaded file C:\ORCADWIN\LAYOUT\LIBRARY\DSUBT.LLB
Fri May 05 20:34:24 Loaded file C:\ORCADWIN\LAYOUT\LIBRARY\JUMPER.LLB
Fri May 05 20:34:24 Loaded file C:\ORCADWIN\LAYOUT\LIBRARY\SM.LLB
Fri May 05 20:34:24 Loaded file C:\ORCADWIN\LAYOUT\LIBRARY\TM_CAP_P.LLB
Fri May 05 20:34:24 Loaded file C:\ORCADWIN\LAYOUT\library\sheet05.llb
Fri May 05 20:34:24 Unable to find Alternate Footprint: SOG.050/14/WG.244/L.375
Fri May 05 20:34:24 Loaded file C:\ORCADWIN\LAYOUT\LIBRARY\TO.LLB
Fri May 05 20:34:24 Loaded file C:\ORCADWIN\LAYOUT\LIBRARY\SOJ.LLB
Fri May 05 20:34:24 Loaded file C:\ORCADWIN\LAYOUT\LIBRARY\DIP100T.LLB
Fri May 05 20:34:24 Loaded file C:\ORCADWIN\LAYOUT\LIBRARY\DIP100B.LLB
Fri May 05 20:34:24 Loaded file C:\ORCADWIN\LAYOUT\LIBRARY\DSUBT.LLB
Fri May 05 20:34:24 Loaded file C:\ORCADWIN\LAYOUT\LIBRARY\JUMPER.LLB
Fri May 05 20:34:24 Loaded file C:\ORCADWIN\LAYOUT\LIBRARY\SM.LLB
Fri May 05 20:34:24 Loaded file C:\ORCADWIN\LAYOUT\LIBRARY\TM_CAP_P.LLB
Fri May 05 20:34:24 Loaded file C:\ORCADWIN\LAYOUT\library\sheet05.llb
Fri May 05 20:34:24 Unable to find Alternate Footprint: SOG.050/14/WG.244/L.375
Fri May 05 20:34:24 Loaded file C:\ORCADWIN\LAYOUT\LIBRARY\TO.LLB
Fri May 05 20:34:24 Loaded file C:\ORCADWIN\LAYOUT\LIBRARY\SOJ.LLB
Fri May 05 20:34:24 Loaded file C:\ORCADWIN\LAYOUT\LIBRARY\DIP100T.LLB
Fri May 05 20:34:24 Loaded file C:\ORCADWIN\LAYOUT\LIBRARY\DIP100B.LLB
Fri May 05 20:34:24 Loaded file C:\ORCADWIN\LAYOUT\LIBRARY\DSUBT.LLB
Fri May 05 20:34:24 Loaded file C:\ORCADWIN\LAYOUT\LIBRARY\JUMPER.LLB
Fri May 05 20:34:24 Loaded file C:\ORCADWIN\LAYOUT\LIBRARY\SM.LLB
Fri May 05 20:34:24 Loaded file C:\ORCADWIN\LAYOUT\LIBRARY\TM_CAP_P.LLB
Fri May 05 20:34:24 Loaded file C:\ORCADWIN\LAYOUT\library\sheet05.llb
Fri May 05 20:34:24 Unable to find Alternate Footprint: SOG.050/14/WG.244/L.375
Fri May 05 20:34:24 Loaded file C:\ORCADWIN\LAYOUT\LIBRARY\TO.LLB
Fri May 05 20:34:24 Loaded file C:\ORCADWIN\LAYOUT\LIBRARY\SOJ.LLB
Fri May 05 20:34:24 Loaded file C:\ORCADWIN\LAYOUT\LIBRARY\DIP100T.LLB
Fri May 05 20:34:24 Loaded file C:\ORCADWIN\LAYOUT\LIBRARY\DIP100B.LLB
Fri May 05 20:34:24 Loaded file C:\ORCADWIN\LAYOUT\LIBRARY\DSUBT.LLB
Fri May 05 20:34:24 Loaded file C:\ORCADWIN\LAYOUT\LIBRARY\JUMPER.LLB
Fri May 05 20:34:24 Loaded file C:\ORCADWIN\LAYOUT\LIBRARY\SM.LLB
Fri May 05 20:34:24 Loaded file C:\ORCADWIN\LAYOUT\LIBRARY\TM_CAP_P.LLB
Fri May 05 20:34:24 Loaded file C:\ORCADWIN\LAYOUT\library\sheet05.llb
Fri May 05 20:34:24 Unable to find Alternate Footprint: SOG.050/14/WG.244/L.375
Fri May 05 20:34:24 Loaded file C:\ORCADWIN\LAYOUT\LIBRARY\TO.LLB
Fri May 05 20:34:24 Loaded file C:\ORCADWIN\LAYOUT\LIBRARY\SOJ.LLB
Fri May 05 20:34:24 Loaded file C:\ORCADWIN\LAYOUT\LIBRARY\DIP100T.LLB
Fri May 05 20:34:24 Loaded file C:\ORCADWIN\LAYOUT\LIBRARY\DIP100B.LLB
Fri May 05 20:34:24 Loaded file C:\ORCADWIN\LAYOUT\LIBRARY\DSUBT.LLB
Fri May 05 20:34:24 Loaded file C:\ORCADWIN\LAYOUT\LIBRARY\JUMPER.LLB
Fri May 05 20:34:24 Loaded file C:\ORCADWIN\LAYOUT\LIBRARY\SM.LLB
Fri May 05 20:34:24 Loaded file C:\ORCADWIN\LAYOUT\LIBRARY\TM_CAP_P.LLB
Fri May 05 20:34:24 Loaded file C:\ORCADWIN\LAYOUT\library\sheet05.llb
Fri May 05 20:34:24 Unable to find Alternate Footprint: SOG.050/14/WG.244/L.375
Fri May 05 20:34:24 Loaded file C:\ORCADWIN\LAYOUT\LIBRARY\TO.LLB
Fri May 05 20:34:24 Loaded file C:\ORCADWIN\LAYOUT\LIBRARY\SOJ.LLB
Fri May 05 20:34:24 Loaded file C:\ORCADWIN\LAYOUT\LIBRARY\DIP100T.LLB
Fri May 05 20:34:24 Loaded file C:\ORCADWIN\LAYOUT\LIBRARY\DIP100B.LLB
Fri May 05 20:34:24 Loaded file C:\ORCADWIN\LAYOUT\LIBRARY\DSUBT.LLB
Fri May 05 20:34:24 Loaded file C:\ORCADWIN\LAYOUT\LIBRARY\JUMPER.LLB
Fri May 05 20:34:24 Loaded file C:\ORCADWIN\LAYOUT\LIBRARY\SM.LLB
Fri May 05 20:34:24 Loaded file C:\ORCADWIN\LAYOUT\LIBRARY\TM_CAP_P.LLB
Fri May 05 20:34:24 Loaded file C:\ORCADWIN\LAYOUT\library\sheet05.llb
Fri May 05 20:34:24 Unable to find Alternate Footprint: SOG.050/14/WG.244/L.375
Fri May 05 20:34:24 Loaded file C:\ORCADWIN\LAYOUT\LIBRARY\TO.LLB
Fri May 05 20:34:24 Loaded file C:\ORCADWIN\LAYOUT\LIBRARY\SOJ.LLB
Fri May 05 20:34:24 Loaded file C:\ORCADWIN\LAYOUT\LIBRARY\DIP100T.LLB
Fri May 05 20:34:24 Loaded file C:\ORCADWIN\LAYOUT\LIBRARY\DIP100B.LLB
Fri May 05 20:34:24 Loaded file C:\ORCADWIN\LAYOUT\LIBRARY\DSUBT.LLB
Fri May 05 20:34:24 Loaded file C:\ORCADWIN\LAYOUT\LIBRARY\JUMPER.LLB
Fri May 05 20:34:24 Loaded file C:\ORCADWIN\LAYOUT\LIBRARY\SM.LLB
Fri May 05 20:34:24 Loaded file C:\ORCADWIN\LAYOUT\LIBRARY\TM_CAP_P.LLB
Fri May 05 20:34:24 Loaded file C:\ORCADWIN\LAYOUT\library\sheet05.llb
Fri May 05 20:34:24 Unable to find Alternate Footprint: SOG.050/14/WG.244/L.375
Fri May 05 20:34:24 Loaded file C:\ORCADWIN\LAYOUT\LIBRARY\TO.LLB
Fri May 05 20:34:24 Loaded file C:\ORCADWIN\LAYOUT\LIBRARY\SOJ.LLB
Fri May 05 20:34:24 Loaded file C:\ORCADWIN\LAYOUT\LIBRARY\DIP100T.LLB
Fri May 05 20:34:24 Loaded file C:\ORCADWIN\LAYOUT\LIBRARY\DIP100B.LLB
Fri May 05 20:34:24 Loaded file C:\ORCADWIN\LAYOUT\LIBRARY\DSUBT.LLB
Fri May 05 20:34:24 Loaded file C:\ORCADWIN\LAYOUT\LIBRARY\JUMPER.LLB
Fri May 05 20:34:24 Loaded file C:\ORCADWIN\LAYOUT\LIBRARY\SM.LLB
Fri May 05 20:34:24 Loaded file C:\ORCADWIN\LAYOUT\LIBRARY\TM_CAP_P.LLB
Fri May 05 20:34:24 Loaded file C:\ORCADWIN\LAYOUT\library\sheet05.llb
Fri May 05 20:34:24 Unable to find Alternate Footprint: SOG.050/14/WG.244/L.375
Fri May 05 20:34:24 Loaded file C:\ORCADWIN\LAYOUT\LIBRARY\TO.LLB
Fri May 05 20:34:24 Loaded file C:\ORCADWIN\LAYOUT\LIBRARY\SOJ.LLB
Fri May 05 20:34:24 Loaded file C:\ORCADWIN\LAYOUT\LIBRARY\DIP100T.LLB
Fri May 05 20:34:24 Loaded file C:\ORCADWIN\LAYOUT\LIBRARY\DIP100B.LLB
Fri May 05 20:34:24 Loaded file C:\ORCADWIN\LAYOUT\LIBRARY\DSUBT.LLB
Fri May 05 20:34:24 Loaded file C:\ORCADWIN\LAYOUT\LIBRARY\JUMPER.LLB
Fri May 05 20:34:24 Loaded file C:\ORCADWIN\LAYOUT\LIBRARY\SM.LLB
Fri May 05 20:34:24 Loaded file C:\ORCADWIN\LAYOUT\LIBRARY\TM_CAP_P.LLB
Fri May 05 20:34:24 Loaded file C:\ORCADWIN\LAYOUT\library\sheet05.llb
Fri May 05 20:34:24 Unable to find Alternate Footprint: SOG.050/14/WG.244/L.375
Fri May 05 20:34:24 Loaded file C:\ORCADWIN\LAYOUT\LIBRARY\TO.LLB
Fri May 05 20:34:24 Loaded file C:\ORCADWIN\LAYOUT\LIBRARY\SOJ.LLB
Fri May 05 20:34:24 Loaded file C:\ORCADWIN\LAYOUT\LIBRARY\DIP100T.LLB
Fri May 05 20:34:24 Loaded file C:\ORCADWIN\LAYOUT\LIBRARY\DIP100B.LLB
Fri May 05 20:34:24 Loaded file C:\ORCADWIN\LAYOUT\LIBRARY\DSUBT.LLB
Fri May 05 20:34:24 Loaded file C:\ORCADWIN\LAYOUT\LIBRARY\JUMPER.LLB
Fri May 05 20:34:24 Loaded file C:\ORCADWIN\LAYOUT\LIBRARY\SM.LLB
Fri May 05 20:34:24 Loaded file C:\ORCADWIN\LAYOUT\LIBRARY\TM_CAP_P.LLB
Fri May 05 20:34:24 Loaded file C:\ORCADWIN\LAYOUT\library\sheet05.llb
Fri May 05 20:34:24 Unable to find Alternate Footprint: SOG.050/14/WG.244/L.375
Fri May 05 20:34:24 Loaded file C:\ORCADWIN\LAYOUT\LIBRARY\TO.LLB
Fri May 05 20:34:24 Loaded file C:\ORCADWIN\LAYOUT\LIBRARY\SOJ.LLB
Fri May 05 20:34:24 Loaded file C:\ORCADWIN\LAYOUT\LIBRARY\DIP100T.LLB
Fri May 05 20:34:24 Loaded file C:\ORCADWIN\LAYOUT\LIBRARY\DIP100B.LLB
Fri May 05 20:34:24 Loaded file C:\ORCADWIN\LAYOUT\LIBRARY\DSUBT.LLB
Fri May 05 20:34:24 Loaded file C:\ORCADWIN\LAYOUT\LIBRARY\JUMPER.LLB
Fri May 05 20:34:24 Loaded file C:\ORCADWIN\LAYOUT\LIBRARY\SM.LLB
Fri May 05 20:34:24 Loaded file C:\ORCADWIN\LAYOUT\LIBRARY\TM_CAP_P.LLB
Fri May 05 20:34:24 Loaded file C:\ORCADWIN\LAYOUT\library\sheet05.llb
Fri May 05 20:34:24 Unable to find Alternate Footprint: SOG.050/14/WG.244/L.375
Fri May 05 20:34:24 Loaded file C:\ORCADWIN\LAYOUT\LIBRARY\TO.LLB
Fri May 05 20:34:24 Loaded file C:\ORCADWIN\LAYOUT\LIBRARY\SOJ.LLB
Fri May 05 20:34:24 Loaded file C:\ORCADWIN\LAYOUT\LIBRARY\DIP100T.LLB
Fri May 05 20:34:24 Loaded file C:\ORCADWIN\LAYOUT\LIBRARY\DIP100B.LLB
Fri May 05 20:34:24 Loaded file C:\ORCADWIN\LAYOUT\LIBRARY\DSUBT.LLB
Fri May 05 20:34:24 Loaded file C:\ORCADWIN\LAYOUT\LIBRARY\JUMPER.LLB
Fri May 05 20:34:24 Loaded file C:\ORCADWIN\LAYOUT\LIBRARY\SM.LLB
Fri May 05 20:34:24 Loaded file C:\ORCADWIN\LAYOUT\LIBRARY\TM_CAP_P.LLB
Fri May 05 20:34:24 Loaded file C:\ORCADWIN\LAYOUT\library\sheet05.llb
Fri May 05 20:34:24 Unable to find Alternate Footprint: SOG.050/14/WG.244/L.375
Fri May 05 20:34:24 Loaded file C:\ORCADWIN\LAYOUT\LIBRARY\TO.LLB
Fri May 05 20:34:24 Loaded file C:\ORCADWIN\LAYOUT\LIBRARY\SOJ.LLB
Fri May 05 20:34:24 Loaded file C:\ORCADWIN\LAYOUT\LIBRARY\DIP100T.LLB
Fri May 05 20:34:24 Loaded file C:\ORCADWIN\LAYOUT\LIBRARY\DIP100B.LLB
Fri May 05 20:34:24 Loaded file C:\ORCADWIN\LAYOUT\LIBRARY\DSUBT.LLB
Fri May 05 20:34:24 Loaded file C:\ORCADWIN\LAYOUT\LIBRARY\JUMPER.LLB
Fri May 05 20:34:24 Loaded file C:\ORCADWIN\LAYOUT\LIBRARY\SM.LLB
Fri May 05 20:34:24 Loaded file C:\ORCADWIN\LAYOUT\LIBRARY\TM_CAP_P.LLB
Fri May 05 20:34:24 Loaded file C:\ORCADWIN\LAYOUT\library\sheet05.llb
Fri May 05 20:34:24 Unable to find Alternate Footprint: SOG.050/14/WG.244/L.375
Fri May 05 20:34:24 Loaded file C:\ORCADWIN\LAYOUT\LIBRARY\TO.LLB
Fri May 05 20:34:24 Loaded file C:\ORCADWIN\LAYOUT\LIBRARY\SOJ.LLB
Fri May 05 20:34:24 Loaded file C:\ORCADWIN\LAYOUT\LIBRARY\DIP100T.LLB
Fri May 05 20:34:24 Loaded file C:\ORCADWIN\LAYOUT\LIBRARY\DIP100B.LLB
Fri May 05 20:34:24 Loaded file C:\ORCADWIN\LAYOUT\LIBRARY\DSUBT.LLB
Fri May 05 20:34:24 Loaded file C:\ORCADWIN\LAYOUT\LIBRARY\JUMPER.LLB
Fri May 05 20:34:24 Loaded file C:\ORCADWIN\LAYOUT\LIBRARY\SM.LLB
Fri May 05 20:34:24 Loaded file C:\ORCADWIN\LAYOUT\LIBRARY\TM_CAP_P.LLB
Fri May 05 20:34:24 Loaded file C:\ORCADWIN\LAYOUT\library\sheet05.llb
Fri May 05 20:34:24 Unable to find Alternate Footprint: SOG.050/14/WG.244/L.375
Fri May 05 20:34:24 Loaded file C:\ORCADWIN\LAYOUT\LIBRARY\TO.LLB
Fri May 05 20:34:24 Loaded file C:\ORCADWIN\LAYOUT\LIBRARY\SOJ.LLB
Fri May 05 20:34:24 Loaded file C:\ORCADWIN\LAYOUT\LIBRARY\DIP100T.LLB
Fri May 05 20:34:24 Loaded file C:\ORCADWIN\LAYOUT\LIBRARY\DIP100B.LLB
Fri May 05 20:34:24 Loaded file C:\ORCADWIN\LAYOUT\LIBRARY\DSUBT.LLB
Fri May 05 20:34:24 Loaded file C:\ORCADWIN\LAYOUT\LIBRARY\JUMPER.LLB
Fri May 05 20:34:24 Loaded file C:\ORCADWIN\LAYOUT\LIBRARY\SM.LLB
Fri May 05 20:34:24 Loaded file C:\ORCADWIN\LAYOUT\LIBRARY\TM_CAP_P.LLB
Fri May 05 20:34:24 Loaded file C:\ORCADWIN\LAYOUT\library\sheet05.llb
Fri May 05 20:34:24 Unable to find Alternate Footprint: SOG.050/14/WG.244/L.375
Fri May 05 20:34:24 Loaded file C:\ORCADWIN\LAYOUT\LIBRARY\TO.LLB
Fri May 05 20:34:24 Loaded file C:\ORCADWIN\LAYOUT\LIBRARY\SOJ.LLB
Fri May 05 20:34:24 Loaded file C:\ORCADWIN\LAYOUT\LIBRARY\DIP100T.LLB
Fri May 05 20:34:24 Loaded file C:\ORCADWIN\LAYOUT\LIBRARY\DIP100B.LLB
Fri May 05 20:34:24 Loaded file C:\ORCADWIN\LAYOUT\LIBRARY\DSUBT.LLB
Fri May 05 20:34:24 Loaded file C:\ORCADWIN\LAYOUT\LIBRARY\JUMPER.LLB
Fri May 05 20:34:24 Loaded file C:\ORCADWIN\LAYOUT\LIBRARY\SM.LLB
Fri May 05 20:34:24 Loaded file C:\ORCADWIN\LAYOUT\LIBRARY\TM_CAP_P.LLB
Fri May 05 20:34:24 Loaded file C:\ORCADWIN\LAYOUT\library\sheet05.llb
Fri May 05 20:34:24 Unable to find Alternate Footprint: SOG.050/14/WG.244/L.375
Fri May 05 20:34:24 Loaded file C:\ORCADWIN\LAYOUT\LIBRARY\TO.LLB
Fri May 05 20:34:24 Loaded file C:\ORCADWIN\LAYOUT\LIBRARY\SOJ.LLB
Fri May 05 20:34:24 Loaded file C:\ORCADWIN\LAYOUT\LIBRARY\DIP100T.LLB
Fri May 05 20:34:24 Loaded file C:\ORCADWIN\LAYOUT\LIBRARY\DIP100B.LLB
Fri May 05 20:34:24 Loaded file C:\ORCADWIN\LAYOUT\LIBRARY\DSUBT.LLB
Fri May 05 20:34:24 Loaded file C:\ORCADWIN\LAYOUT\LIBRARY\JUMPER.LLB
Fri May 05 20:34:24 Loaded file C:\ORCADWIN\LAYOUT\LIBRARY\SM.LLB
Fri May 05 20:34:24 Loaded file C:\ORCADWIN\LAYOUT\LIBRARY\TM_CAP_P.LLB
Fri May 05 20:34:24 Loaded file C:\ORCADWIN\LAYOUT\library\sheet05.llb
Fri May 05 20:34:24 Unable to find Alternate Footprint: SOG.050/14/WG.244/L.375
Fri May 05 20:34:24 Loaded file C:\ORCADWIN\LAYOUT\LIBRARY\TO.LLB
Fri May 05 20:34:24 Loaded file C:\ORCADWIN\LAYOUT\LIBRARY\SOJ.LLB
Fri May 05 20:34:24 Loaded file C:\ORCADWIN\LAYOUT\LIBRARY\DIP100T.LLB
Fri May 05 20:34:24 Loaded file C:\ORCADWIN\LAYOUT\LIBRARY\DIP100B.LLB
Fri May 05 20:34:24 Loaded file C:\ORCADWIN\LAYOUT\LIBRARY\DSUBT.LLB
Fri May 05 20:34:24 Loaded file C:\ORCADWIN\LAYOUT\LIBRARY\JUMPER.LLB
Fri May 05 20:34:24 Loaded file C:\ORCADWIN\LAYOUT\LIBRARY\SM.LLB
Fri May 05 20:34:24 Loaded file C:\ORCADWIN\LAYOUT\LIBRARY\TM_CAP_P.LLB
Fri May 05 20:34:24 Loaded file C:\ORCADWIN\LAYOUT\library\sheet05.llb
Fri May 05 20:34:24 Unable to find Alternate Footprint: SOG.050/14/WG.244/L.375
Fri May 05 20:34:24 Loaded file C:\ORCADWIN\LAYOUT\LIBRARY\TO.LLB
Fri May 05 20:34:24 Loaded file C:\ORCADWIN\LAYOUT\LIBRARY\SOJ.LLB
Fri May 05 20:34:24 Loaded file C:\ORCADWIN\LAYOUT\LIBRARY\DIP100T.LLB
Fri May 05 20:34:24 Loaded file C:\ORCADWIN\LAYOUT\LIBRARY\DIP100B.LLB
Fri May 05 20:34:24 Loaded file C:\ORCADWIN\LAYOUT\LIBRARY\DSUBT.LLB
Fri May 05 20:34:24 Loaded file C:\ORCADWIN\LAYOUT\LIBRARY\JUMPER.LLB
Fri May 05 20:34:24 Loaded file C:\ORCADWIN\LAYOUT\LIBRARY\SM.LLB
Fri May 05 20:34:24 Loaded file C:\ORCADWIN\LAYOUT\LIBRARY\TM_CAP_P.LLB
Fri May 05 20:34:24 Loaded file C:\ORCADWIN\LAYOUT\library\sheet05.llb
Fri May 05 20:34:24 Unable to find Alternate Footprint: SOG.050/14/WG.244/L.375
Fri May 05 20:34:24 Loaded file C:\ORCADWIN\LAYOUT\LIBRARY\TO.LLB
Fri May 05 20:34:24 Loaded file C:\ORCADWIN\LAYOUT\LIBRARY\SOJ.LLB
Fri May 05 20:34:24 Loaded file C:\ORCADWIN\LAYOUT\LIBRARY\DIP100T.LLB
Fri May 05 20:34:24 Loaded file C:\ORCADWIN\LAYOUT\LIBRARY\DIP100B.LLB
Fri May 05 20:34:24 Loaded file C:\ORCADWIN\LAYOUT\LIBRARY\DSUBT.LLB
Fri May 05 20:34:24 Loaded file C:\ORCADWIN\LAYOUT\LIBRARY\JUMPER.LLB
Fri May 05 20:34:24 Loaded file C:\ORCADWIN\LAYOUT\LIBRARY\SM.LLB
Fri May 05 20:34:24 Loaded file C:\ORCADWIN\LAYOUT\LIBRARY\TM_CAP_P.LLB
Fri May 05 20:34:24 Loaded file C:\ORCADWIN\LAYOUT\library\sheet05.llb
Fri May 05 20:34:24 Unable to find Alternate Footprint: SOG.050/14/WG.244/L.375
Fri May 05 20:34:24 Loaded file C:\ORCADWIN\LAYOUT\LIBRARY\TO.LLB
Fri May 05 20:34:24 Loaded file C:\ORCADWIN\LAYOUT\LIBRARY\SOJ.LLB
Fri May 05 20:34:24 Loaded file C:\ORCADWIN\LAYOUT\LIBRARY\DIP100T.LLB
Fri May 05 20:34:24 Loaded file C:\ORCADWIN\LAYOUT\LIBRARY\DIP100B.LLB
Fri May 05 20:34:24 Loaded file C:\ORCADWIN\LAYOUT\LIBRARY\DSUBT.LLB
Fri May 05 20:34:24 Loaded file C:\ORCADWIN\LAYOUT\LIBRARY\JUMPER.LLB
Fri May 05 20:34:24 Loaded file C:\ORCADWIN\LAYOUT\LIBRARY\SM.LLB
Fri May 05 20:34:24 Loaded file C:\ORCADWIN\LAYOUT\LIBRARY\TM_CAP_P.LLB
Fri May 05 20:34:24 Loaded file C:\ORCADWIN\LAYOUT\library\sheet05.llb
Fri May 05 20:34:24 Unable to find Alternate Footprint: SOG.050/14/WG.244/L.375
Fri May 05 20:34:24 Loaded file C:\ORCADWIN\LAYOUT\LIBRARY\TO.LLB
Fri May 05 20:34:24 Loaded file C:\ORCADWIN\LAYOUT\LIBRARY\SOJ.LLB
Fri May 05 20:34:24 Loaded file C:\ORCADWIN\LAYOUT\LIBRARY\DIP100T.LLB
Fri May 05 20:34:24 Loaded file C:\ORCADWIN\LAYOUT\LIBRARY\DIP100B.LLB
Fri May 05 20:34:24 Loaded file C:\ORCADWIN\LAYOUT\LIBRARY\DSUBT.LLB
Fri May 05 20:34:24 Loaded file C:\ORCADWIN\LAYOUT\LIBRARY\JUMPER.LLB
Fri May 05 20:34:24 Loaded file C:\ORCADWIN\LAYOUT\LIBRARY\SM.LLB
Fri May 05 20:34:24 Loaded file C:\ORCADWIN\LAYOUT\LIBRARY\TM_CAP_P.LLB
Fri May 05 20:34:24 Loaded file C:\ORCADWIN\LAYOUT\library\sheet05.llb
Fri May 05 20:34:24 Unable to find Alternate Footprint: SOG.050/14/WG.244/L.375
Fri May 05 20:34:24 Loaded file C:\ORCADWIN\LAYOUT\LIBRARY\TO.LLB
Fri May 05 20:34:24 Loaded file C:\ORCADWIN\LAYOUT\LIBRARY\SOJ.LLB
Fri May 05 20:34:24 Loaded file C:\ORCADWIN\LAYOUT\LIBRARY\DIP100T.LLB
Fri May 05 20:34:24 Loaded file C:\ORCADWIN\LAYOUT\LIBRARY\DIP100B.LLB
Fri May 05 20:34:24 Loaded file C:\ORCADWIN\LAYOUT\LIBRARY\DSUBT.LLB
Fri May 05 20:34:24 Loaded file C:\ORCADWIN\LAYOUT\LIBRARY\JUMPER.LLB
Fri May 05 20:34:24 Loaded file C:\ORCADWIN\LAYOUT\LIBRARY\SM.LLB
Fri May 05 20:34:24 Loaded file C:\ORCADWIN\LAYOUT\LIBRARY\TM_CAP_P.LLB
Fri May 05 20:34:24 Loaded file C:\ORCADWIN\LAYOUT\library\sheet05.llb
Fri May 05 20:34:24 Unable to find Alternate Footprint: SOG.050/14/WG.244/L.375
Fri May 05 20:34:24 Loaded file C:\ORCADWIN\LAYOUT\LIBRARY\TO.LLB
Fri May 05 20:34:24 Loaded file C:\ORCADWIN\LAYOUT\LIBRARY\SOJ.LLB
Fri May 05 20:34:24 Loaded file C:\ORCADWIN\LAYOUT\LIBRARY\DIP100T.LLB
Fri May 05 20:34:24 Loaded file C:\ORCADWIN\LAYOUT\LIBRARY\DIP100B.LLB
Fri May 05 20:34:24 Loaded file C:\ORCADWIN\LAYOUT\LIBRARY\DSUBT.LLB
Fri May 05 20:34:24 Loaded file C:\ORCADWIN\LAYOUT\LIBRARY\JUMPER.LLB
Fri May 05 20:34:24 Loaded file C:\ORCADWIN\LAYOUT\LIBRARY\SM.LLB
Fri May 05 20:34:24 Loaded file C:\ORCADWIN\LAYOUT\LIBRARY\TM_CAP_P.LLB
Fri May 05 20:34:24 Loaded file C:\ORCADWIN\LAYOUT\library\sheet05.llb
Fri May 05 20:34:24 Unable to find Alternate Footprint: SOG.050/14/WG.244/L.375
Fri May 05 20:34:24 Loaded file C:\ORCADWIN\LAYOUT\LIBRARY\TO.LLB
Fri May 05 20:34:24 Loaded file C:\ORCADWIN\LAYOUT\LIBRARY\SOJ.LLB
Fri May 05 20:34:24 Loaded file C:\ORCADWIN\LAYOUT\LIBRARY\DIP100T.LLB
Fri May 05 20:34:24 Loaded file C:\ORCADWIN\LAYOUT\LIBRARY\DIP100B.LLB
Fri May 05 20:34:24 Loaded file C:\ORCADWIN\LAYOUT\LIBRARY\DSUBT.LLB
Fri May 05 20:34:24 Loaded file C:\ORCADWIN\LAYOUT\LIBRARY\JUMPER.LLB
Fri May 05 20:34:24 Loaded file C:\ORCADWIN\LAYOUT\LIBRARY\SM.LLB
Fri May 05 20:34:24 Loaded file C:\ORCADWIN\LAYOUT\LIBRARY\TM_CAP_P.LLB
Fri May 05 20:34:24 Loaded file C:\ORCADWIN\LAYOUT\library\sheet05.llb
Fri May 05 20:34:24 Unable to find Alternate Footprint: SOG.050/14/WG.244/L.375
Fri May 05 20:34:24 Loaded file C:\ORCADWIN\LAYOUT\LIBRARY\TO.LLB
Fri May 05 20:34:24 Loaded file C:\ORCADWIN\LAYOUT\LIBRARY\SOJ.LLB
Fri May 05 20:34:24 Loaded file C:\ORCADWIN\LAYOUT\LIBRARY\DIP100T.LLB
Fri May 05 20:34:24 Loaded file C:\ORCADWIN\LAYOUT\LIBRARY\DIP100B.LLB
Fri May 05 20:34:24 Loaded file C:\ORCADWIN\LAYOUT\LIBRARY\DSUBT.LLB
Fri May 05 20:34:24 Loaded file C:\ORCADWIN\LAYOUT\LIBRARY\JUMPER.LLB
Fri May 05 20:34:24 Loaded file C:\ORCADWIN\LAYOUT\LIBRARY\SM.LLB
Fri May 05 20:34:24 Loaded file C:\ORCADWIN\LAYOUT\LIBRARY\TM_CAP_P.LLB
Fri May 05 20:34:24 Loaded file C:\ORCADWIN\LAYOUT\library\sheet05.llb
Fri May 05 20:34:24 Unable to find Alternate Footprint: SOG.050/14/WG.244/L.375
Fri May 05 20:34:24 Loaded file C:\ORCADWIN\LAYOUT\LIBRARY\TO.LLB
Fri May 05 20:34:24 Loaded file C:\ORCADWIN\LAYOUT\LIBRARY\SOJ.LLB
Fri May 05 20:34:24 Loaded file C:\ORCADWIN\LAYOUT\LIBRARY\DIP100T.LLB
Fri May 05 20:34:24 Loaded file C:\ORCADWIN\LAYOUT\LIBRARY\DIP100B.LLB
Fri May 05 20:34:24 Loaded file C:\ORCADWIN\LAYOUT\LIBRARY\DSUBT.LLB
Fri May 05 20:34:24 Loaded file C:\ORCADWIN\LAYOUT\LIBRARY\JUMPER.LLB
Fri May 05 20:34:24 Loaded file C:\ORCADWIN\LAYOUT\LIBRARY\SM.LLB
Fri May 05 20:34:24 Loaded file C:\ORCADWIN\LAYOUT\LIBRARY\TM_CAP_P.LLB
Fri May 05 20:34:24 Loaded file C:\ORCADWIN\LAYOUT\library\sheet05.llb
Fri May 05 20:34:24 Unable to find Alternate Footprint: SOG.050/14/WG.244/L.375
Fri May 05 20:34:24 Loaded file C:\ORCADWIN\LAYOUT\LIBRARY\TO.LLB
Fri May 05 20:34:24 Loaded file C:\ORCADWIN\LAYOUT\LIBRARY\SOJ.LLB
Fri May 05 20:34:24 Loaded file C:\ORCADWIN\LAYOUT\LIBRARY\DIP100T.LLB
Fri May 05 20:34:24 Loaded file C:\ORCADWIN\LAYOUT\LIBRARY\DIP100B.LLB
Fri May 05 20:34:24 Loaded file C:\ORCADWIN\LAYOUT\LIBRARY\DSUBT.LLB
Fri May 05 20:34:24 Loaded file C:\ORCADWIN\LAYOUT\LIBRARY\JUMPER.LLB
Fri May 05 20:34:24 Loaded file C:\ORCADWIN\LAYOUT\LIBRARY\SM.LLB
Fri May 05 20:34:24 Loaded file C:\ORCADWIN\LAYOUT\LIBRARY\TM_CAP_P.LLB
Fri May 05 20:34:24 Loaded file C:\ORCADWIN\LAYOUT\library\sheet05.llb
Fri May 05 20:34:24 Unable to find Alternate Footprint: SOG.050/14/WG.244/L.375
Fri May 05 20:34:24 Loaded file C:\ORCADWIN\LAYOUT\LIBRARY\TO.LLB
Fri May 05 20:34:24 Loaded file C:\ORCADWIN\LAYOUT\LIBRARY\SOJ.LLB
Fri May 05 20:34:24 Loaded file C:\ORCADWIN\LAYOUT\LIBRARY\DIP100T.LLB
Fri May 05 20:34:24 Loaded file C:\ORCADWIN\LAYOUT\LIBRARY\DIP100B.LLB
Fri May 05 20:34:24 Loaded file C:\ORCADWIN\LAYOUT\LIBRARY\DSUBT.LLB
Fri May 05 20:34:24 Loaded file C:\ORCADWIN\LAYOUT\LIBRARY\JUMPER.LLB
Fri May 05 20:34:24 Loaded file C:\ORCADWIN\LAYOUT\LIBRARY\SM.LLB
Fri May 05 20:34:24 Loaded file C:\ORCADWIN\LAYOUT\LIBRARY\TM_CAP_P.LLB
Fri May 05 20:34:24 Loaded file C:\ORCADWIN\LAYOUT\library\sheet05.llb
Fri May 05 20:34:24 Unable to find Alternate Footprint: SOG.050/14/WG.244/L.375
Fri May 05 20:34:24 Saved as file C:\DOCUMENTS AND SETTINGS\TASOS\DESKTOP\3\LAYOUT 2 LAYERS\DESIGN1.MAX
Fri May 05 20:34:24 Loaded file C:\DOCUMENTS AND SETTINGS\TASOS\DESKTOP\3\LAYOUT 2 LAYERS\DESIGN1.MAX
Fri May 05 20:34:28 Saved as file PLACE1.MAX
Fri May 05 20:34:28 Saved as file PLACE2.MAX
Fri May 05 20:34:28 Saved as file PLACE3.MAX
Fri May 05 20:34:28 Batch place completed in 00:00:00
Fri May 05 20:34:33 Saved as file BACKUP1.MAX
Fri May 05 20:34:33 Saved as file BACKUP1.MAX
Fri May 05 20:34:33 Saved as file BACKUP1.MAX
Fri May 05 20:34:33 Saved as file BACKUP1.MAX
Fri May 05 20:34:33 Saved as file BACKUP1.MAX
Fri May 05 20:34:33 Routed 45 connections in 0 seconds.
Fri May 05 20:34:33 Total is now 45 out of 164 (27%).
Fri May 05 20:34:33 Saved as file SWEEP1.MAX
Fri May 05 20:34:33 Saved as file BACKUP1.MAX
Fri May 05 20:34:33 Saved as file BACKUP1.MAX
Fri May 05 20:34:33 Saved as file BACKUP1.MAX
Fri May 05 20:34:34 Saved as file BACKUP1.MAX
Fri May 05 20:34:34 Saved as file BACKUP1.MAX
Fri May 05 20:34:34 Routed 133 connections in 0 seconds.
Fri May 05 20:34:34 Total is now 164 out of 164 (100%).
Fri May 05 20:34:34 Saved as file SWEEP2.MAX
Fri May 05 20:34:34 No new connections routed.
Fri May 05 20:34:34 Total is now 164 out of 164 (100%).
Fri May 05 20:34:34 Saved as file SWEEP3.MAX
Fri May 05 20:34:34 No new connections routed.
Fri May 05 20:34:34 Total is now 164 out of 164 (100%).
Fri May 05 20:34:34 Saved as file SWEEP4.MAX
Fri May 05 20:34:34 No new connections routed.
Fri May 05 20:34:34 Total is now 164 out of 164 (100%).
Fri May 05 20:34:34 Saved as file SWEEP5.MAX
Fri May 05 20:35:23 Saved as file C:\DOCUMENTS AND SETTINGS\TASOS\DESKTOP\3\LAYOUT 2 LAYERS\DESIGN1.MAX
