AutoECO Report
FILE-A: C:\DOCUMENTS AND SETTINGS\TASOS\DESKTOP\3\LAYOUT 1 LAYER\DESIGN1.MAX
FILE-B: C:\DOCUMENTS AND SETTINGS\TASOS\DESKTOP\3\DESIGN1.MNL
If "*EOF*" immediately follows, no changes were made
Adding package 74LS02
Adding package 74LS86
Adding package 74LS00
Adding package 74LS04
Adding package 74LS32
Adding package 74LS08
Adding component U2
Found footprint DIP.100/14/W.300/L.750 from PRT file for part 74LS02, comp U2
Adding component U3
Adding component U1
Adding component U4
Adding component U6
Adding component U11
Adding component U10
Adding component U12
Adding component U9
Adding component U5
Adding component U16
Adding component U15
Adding component U13
Adding component U7
Adding component U8
Adding component U17
Adding component U14
Adding net N06162
Adding net N06064
Adding net N00753
Adding net N06458
Adding net N01208
Adding net N00086
Adding net N00966
Adding net N05787
Adding net N06188
Adding net N06360
Adding net N06444
Adding net N05831
Adding net N00577
Adding net N01070
Adding net N00073
Adding net N00566
Adding net N06154
Adding net N05893
Adding net N05863
Adding net N05841
Adding net N06356
Adding net N06428
Adding net N06108
Adding net N01229
Adding net N00801
Adding net N05853
Adding net N05815
Adding net N05875
Adding net N06132
Adding net N00171
Adding net N06136
Adding net N06110
Adding net N06406
Adding net N06172
Adding net N05781
Adding net N06438
Adding net N06066
Adding net N00093
Adding net N05909
Adding net N05869
Adding net N05801
Adding net N06148
Adding net N06416
Adding net N06094
Adding net N06080
Adding net N00284
Adding net N00645
Adding net N06450
Adding net N06120
Adding net N06432
Adding net N05857
Adding net N00906
Adding net N05883
Adding net N06468
Adding net N05785
Adding net N06186
Adding net N00852
Adding net N06404
Adding net N05907
Adding net N05829
Adding net N06484
Adding net N06362
Adding net N06390
Adding net N06482
Adding net N06142
Adding net GND
Adding net VCC
Adding net N06376
Adding net N00724
Adding net N06060
Deleting component P1
Deleting net DEFAULT
*EOF*
No errors found
