AutoECO Report
FILE-A: C:\DOCUMENTS AND SETTINGS\TASOS\DESKTOP\4\LAYOUT\DESIGN1.MAX
FILE-B: C:\DOCUMENTS AND SETTINGS\TASOS\DESKTOP\4\DESIGN1.MNL
If "*EOF*" immediately follows, no changes were made
Adding footprint DIP.100/20/W.300/L1.100
Adding footprint SOJ.050/16/WB.300/L.400
Adding footprint DSUB/VP/TM/25
Adding footprint SM/C_1206
Adding footprint CPCYL1/D.300/LS.200/.034
Adding package 74ACT244
Adding package 74ACT175
Adding package CONNECTOR_DB25
Adding package HEADER_2
Adding package 74ACT283
Adding package CAP_NP
Adding package CAP
Adding component U1
Adding component U5
Adding component U2
Adding component U7
Adding component U4
Adding component P1
Adding component JP1
Found footprint JUMPER200 from PRT file for part HEADER_2, comp JP1
Adding component U6
Adding component U3
Adding component C6
Adding component C5
Adding component C4
Adding component C3
Adding component C2
Adding component C1
Adding component C8
Adding component C7
Adding net PD2
Adding net PD1
Adding net PD0
Adding net PD3
Adding net PD4
Adding net PD5
Adding net PD6
Adding net PD7
Adding net PREN
Adding net PCLK
Adding net REN
Adding net WEN
Adding net PWEN
Adding net DIN4
Adding net DIN5
Adding net DIN1
Adding net CLK
Adding net DIN6
Adding net DIN2
Adding net DIN0
Adding net N05778
Adding net N06039
Adding net N05737
Adding net N05907
Adding net DOUT4
Adding net DOUT7
Adding net N05255
Adding net DOUT5
Adding net N06305
Adding net N04974
Adding net DOUT1
Adding net DOUT2
Adding net N05012
Adding net DOUT3
Adding net DOUT0
Adding net N05132
Adding net DOUT6
Adding net GND
Adding net VCC
Adding net DIN3
Adding net DIN7
Deleting net DEFAULT
*EOF*
No errors found
