Fri May 12 17:11:55 Saved as file C:\DOCUMENTS AND SETTINGS\TASOS\DESKTOP\4\LAYOUT\DESIGN1.MAX
Fri May 12 17:11:55 Saved as file BACKUP1.MAX
Fri May 12 17:11:55 Saved as file C:\DOCUMENTS AND SETTINGS\TASOS\DESKTOP\4\LAYOUT\DESIGN1.MAX
Fri May 12 17:11:55 UserDiv from Layout.INI for AutoECO: 60
Fri May 12 17:11:55 Loaded file C:\DOCUMENTS AND SETTINGS\TASOS\DESKTOP\4\LAYOUT\DESIGN1.MAX
Fri May 12 17:11:55 Loaded file C:\ORCADWIN\LAYOUT\LIBRARY\TO.LLB
Fri May 12 17:11:55 Loaded file C:\ORCADWIN\LAYOUT\LIBRARY\SOJ.LLB
Fri May 12 17:11:55 Loaded file C:\ORCADWIN\LAYOUT\LIBRARY\DIP100T.LLB
Fri May 12 17:11:55 Loaded file C:\ORCADWIN\LAYOUT\LIBRARY\DIP100B.LLB
Fri May 12 17:11:55 Loaded file C:\ORCADWIN\LAYOUT\LIBRARY\DSUBT.LLB
Fri May 12 17:11:55 Loaded file C:\ORCADWIN\LAYOUT\LIBRARY\JUMPER.LLB
Fri May 12 17:11:55 Loaded file C:\ORCADWIN\LAYOUT\LIBRARY\SM.LLB
Fri May 12 17:11:55 Loaded file C:\ORCADWIN\LAYOUT\LIBRARY\TM_CAP_P.LLB
Fri May 12 17:11:55 Loaded file C:\ORCADWIN\LAYOUT\library\sheet05.llb
Fri May 12 17:11:55 Loaded file C:\ORCADWIN\LAYOUT\LIBRARY\DIP100T.LLB
Fri May 12 17:11:55 Footprint coords will be rounded to nearest base unit.
Fri May 12 17:11:55 Footprint coords will be rounded to nearest base unit.
Fri May 12 17:11:55 Footprint coords will be rounded to nearest base unit.
Fri May 12 17:11:55 Footprint coords will be rounded to nearest base unit.
Fri May 12 17:11:55 Footprint coords will be rounded to nearest base unit.
Fri May 12 17:11:55 Footprint coords will be rounded to nearest base unit.
Fri May 12 17:11:55 Footprint coords will be rounded to nearest base unit.
Fri May 12 17:11:55 Footprint coords will be rounded to nearest base unit.
Fri May 12 17:11:55 Footprint coords will be rounded to nearest base unit.
Fri May 12 17:11:55 Footprint coords will be rounded to nearest base unit.
Fri May 12 17:11:55 Footprint coords will be rounded to nearest base unit.
Fri May 12 17:11:55 Footprint coords will be rounded to nearest base unit.
Fri May 12 17:11:55 Footprint coords will be rounded to nearest base unit.
Fri May 12 17:11:55 Footprint coords will be rounded to nearest base unit.
Fri May 12 17:11:55 Footprint coords will be rounded to nearest base unit.
Fri May 12 17:11:55 Footprint coords will be rounded to nearest base unit.
Fri May 12 17:11:55 Footprint coords will be rounded to nearest base unit.
Fri May 12 17:11:55 Footprint coords will be rounded to nearest base unit.
Fri May 12 17:11:55 Footprint coords will be rounded to nearest base unit.
Fri May 12 17:11:55 Footprint coords will be rounded to nearest base unit.
Fri May 12 17:11:55 Footprint coords will be rounded to nearest base unit.
Fri May 12 17:11:55 Footprint coords will be rounded to nearest base unit.
Fri May 12 17:11:55 Footprint coords will be rounded to nearest base unit.
Fri May 12 17:11:55 Footprint coords will be rounded to nearest base unit.
Fri May 12 17:11:55 Footprint coords will be rounded to nearest base unit.
Fri May 12 17:11:55 Footprint coords will be rounded to nearest base unit.
Fri May 12 17:11:55 Footprint coords will be rounded to nearest base unit.
Fri May 12 17:11:55 Footprint coords will be rounded to nearest base unit.
Fri May 12 17:11:55 Footprint coords will be rounded to nearest base unit.
Fri May 12 17:11:55 Loaded file C:\ORCADWIN\LAYOUT\LIBRARY\SOJ.LLB
Fri May 12 17:11:55 Footprint coords will be rounded to nearest base unit.
Fri May 12 17:11:55 Footprint coords will be rounded to nearest base unit.
Fri May 12 17:11:55 Footprint coords will be rounded to nearest base unit.
Fri May 12 17:11:55 Footprint coords will be rounded to nearest base unit.
Fri May 12 17:11:55 Footprint coords will be rounded to nearest base unit.
Fri May 12 17:11:55 Footprint coords will be rounded to nearest base unit.
Fri May 12 17:11:55 Footprint coords will be rounded to nearest base unit.
Fri May 12 17:11:55 Footprint coords will be rounded to nearest base unit.
Fri May 12 17:11:55 Footprint coords will be rounded to nearest base unit.
Fri May 12 17:11:55 Footprint coords will be rounded to nearest base unit.
Fri May 12 17:11:55 Footprint coords will be rounded to nearest base unit.
Fri May 12 17:11:55 Footprint coords will be rounded to nearest base unit.
Fri May 12 17:11:55 Footprint coords will be rounded to nearest base unit.
Fri May 12 17:11:55 Footprint coords will be rounded to nearest base unit.
Fri May 12 17:11:55 Footprint coords will be rounded to nearest base unit.
Fri May 12 17:11:55 Footprint coords will be rounded to nearest base unit.
Fri May 12 17:11:55 Footprint coords will be rounded to nearest base unit.
Fri May 12 17:11:55 Footprint coords will be rounded to nearest base unit.
Fri May 12 17:11:55 Footprint coords will be rounded to nearest base unit.
Fri May 12 17:11:55 Footprint coords will be rounded to nearest base unit.
Fri May 12 17:11:55 Footprint coords will be rounded to nearest base unit.
Fri May 12 17:11:55 Footprint coords will be rounded to nearest base unit.
Fri May 12 17:11:55 Footprint coords will be rounded to nearest base unit.
Fri May 12 17:11:55 Footprint coords will be rounded to nearest base unit.
Fri May 12 17:11:55 Footprint coords will be rounded to nearest base unit.
Fri May 12 17:11:55 Footprint coords will be rounded to nearest base unit.
Fri May 12 17:11:55 Footprint coords will be rounded to nearest base unit.
Fri May 12 17:11:55 Loaded file C:\ORCADWIN\LAYOUT\LIBRARY\DSUBT.LLB
Fri May 12 17:11:55 Footprint coords will be rounded to nearest base unit.
Fri May 12 17:11:55 Footprint coords will be rounded to nearest base unit.
Fri May 12 17:11:55 Footprint coords will be rounded to nearest base unit.
Fri May 12 17:11:55 Footprint coords will be rounded to nearest base unit.
Fri May 12 17:11:55 Footprint coords will be rounded to nearest base unit.
Fri May 12 17:11:55 Footprint coords will be rounded to nearest base unit.
Fri May 12 17:11:55 Footprint coords will be rounded to nearest base unit.
Fri May 12 17:11:55 Footprint coords will be rounded to nearest base unit.
Fri May 12 17:11:55 Footprint coords will be rounded to nearest base unit.
Fri May 12 17:11:55 Footprint coords will be rounded to nearest base unit.
Fri May 12 17:11:55 Footprint coords will be rounded to nearest base unit.
Fri May 12 17:11:55 Footprint coords will be rounded to nearest base unit.
Fri May 12 17:11:55 Footprint coords will be rounded to nearest base unit.
Fri May 12 17:11:55 Footprint coords will be rounded to nearest base unit.
Fri May 12 17:11:55 Footprint coords will be rounded to nearest base unit.
Fri May 12 17:11:55 Footprint coords will be rounded to nearest base unit.
Fri May 12 17:11:55 Footprint coords will be rounded to nearest base unit.
Fri May 12 17:11:55 Footprint coords will be rounded to nearest base unit.
Fri May 12 17:11:55 Footprint coords will be rounded to nearest base unit.
Fri May 12 17:11:55 Footprint coords will be rounded to nearest base unit.
Fri May 12 17:11:55 Footprint coords will be rounded to nearest base unit.
Fri May 12 17:11:55 Footprint coords will be rounded to nearest base unit.
Fri May 12 17:11:55 Footprint coords will be rounded to nearest base unit.
Fri May 12 17:11:55 Footprint coords will be rounded to nearest base unit.
Fri May 12 17:11:55 Footprint coords will be rounded to nearest base unit.
Fri May 12 17:11:55 Footprint coords will be rounded to nearest base unit.
Fri May 12 17:11:55 Footprint coords will be rounded to nearest base unit.
Fri May 12 17:11:55 Footprint coords will be rounded to nearest base unit.
Fri May 12 17:11:55 Footprint coords will be rounded to nearest base unit.
Fri May 12 17:11:55 Footprint coords will be rounded to nearest base unit.
Fri May 12 17:11:55 Footprint coords will be rounded to nearest base unit.
Fri May 12 17:11:55 Footprint coords will be rounded to nearest base unit.
Fri May 12 17:11:55 Footprint coords will be rounded to nearest base unit.
Fri May 12 17:11:55 Footprint coords will be rounded to nearest base unit.
Fri May 12 17:11:55 Footprint coords will be rounded to nearest base unit.
Fri May 12 17:11:55 Footprint coords will be rounded to nearest base unit.
Fri May 12 17:11:55 Footprint coords will be rounded to nearest base unit.
Fri May 12 17:11:55 Footprint coords will be rounded to nearest base unit.
Fri May 12 17:11:55 Footprint coords will be rounded to nearest base unit.
Fri May 12 17:11:55 Footprint coords will be rounded to nearest base unit.
Fri May 12 17:11:55 Footprint coords will be rounded to nearest base unit.
Fri May 12 17:11:55 Footprint coords will be rounded to nearest base unit.
Fri May 12 17:11:55 Footprint coords will be rounded to nearest base unit.
Fri May 12 17:11:55 Footprint coords will be rounded to nearest base unit.
Fri May 12 17:11:55 Footprint coords will be rounded to nearest base unit.
Fri May 12 17:11:55 Footprint coords will be rounded to nearest base unit.
Fri May 12 17:11:55 Footprint coords will be rounded to nearest base unit.
Fri May 12 17:11:55 Loaded file C:\ORCADWIN\LAYOUT\LIBRARY\SM.LLB
Fri May 12 17:11:55 Footprint coords will be rounded to nearest base unit.
Fri May 12 17:11:55 Footprint coords will be rounded to nearest base unit.
Fri May 12 17:11:55 Footprint coords will be rounded to nearest base unit.
Fri May 12 17:11:55 Footprint coords will be rounded to nearest base unit.
Fri May 12 17:11:55 Footprint coords will be rounded to nearest base unit.
Fri May 12 17:11:55 Footprint coords will be rounded to nearest base unit.
Fri May 12 17:11:55 Footprint coords will be rounded to nearest base unit.
Fri May 12 17:11:55 Footprint coords will be rounded to nearest base unit.
Fri May 12 17:11:55 Footprint coords will be rounded to nearest base unit.
Fri May 12 17:11:55 Footprint coords will be rounded to nearest base unit.
Fri May 12 17:11:55 Footprint coords will be rounded to nearest base unit.
Fri May 12 17:11:55 Loaded file C:\ORCADWIN\LAYOUT\LIBRARY\TM_CAP_P.LLB
Fri May 12 17:11:55 Footprint coords will be rounded to nearest base unit.
Fri May 12 17:11:55 Footprint coords will be rounded to nearest base unit.
Fri May 12 17:11:55 Footprint coords will be rounded to nearest base unit.
Fri May 12 17:11:55 Footprint coords will be rounded to nearest base unit.
Fri May 12 17:11:55 Footprint coords will be rounded to nearest base unit.
Fri May 12 17:11:55 Footprint coords will be rounded to nearest base unit.
Fri May 12 17:11:55 Footprint coords will be rounded to nearest base unit.
Fri May 12 17:11:55 Footprint coords will be rounded to nearest base unit.
Fri May 12 17:11:55 Footprint coords will be rounded to nearest base unit.
Fri May 12 17:11:55 Footprint coords will be rounded to nearest base unit.
Fri May 12 17:11:55 Footprint coords will be rounded to nearest base unit.
Fri May 12 17:11:55 Footprint coords will be rounded to nearest base unit.
Fri May 12 17:11:55 Loaded file C:\ORCADWIN\LAYOUT\LIBRARY\JUMPER.LLB
Fri May 12 17:11:55 Footprint coords will be rounded to nearest base unit.
Fri May 12 17:11:55 Footprint coords will be rounded to nearest base unit.
Fri May 12 17:11:55 Footprint coords will be rounded to nearest base unit.
Fri May 12 17:11:55 Footprint coords will be rounded to nearest base unit.
Fri May 12 17:11:55 Footprint coords will be rounded to nearest base unit.
Fri May 12 17:11:55 Footprint coords will be rounded to nearest base unit.
Fri May 12 17:11:55 Footprint coords will be rounded to nearest base unit.
Fri May 12 17:11:55 Footprint coords will be rounded to nearest base unit.
Fri May 12 17:11:55 Footprint coords will be rounded to nearest base unit.
Fri May 12 17:11:55 Footprint coords will be rounded to nearest base unit.
Fri May 12 17:11:55 Saved as file C:\DOCUMENTS AND SETTINGS\TASOS\DESKTOP\4\LAYOUT\DESIGN1.MAX
Fri May 12 17:11:55 Loaded file C:\DOCUMENTS AND SETTINGS\TASOS\DESKTOP\4\LAYOUT\DESIGN1.MAX
Fri May 12 17:24:30 Saved as file BACKUP1.MAX
Fri May 12 17:26:06 Routed 49 connections in 0 seconds.
Fri May 12 17:26:06 Total is now 44 out of 51 (86%).
Fri May 12 17:26:22 Routed 7 connections in 0 seconds.
Fri May 12 17:26:22 Total is now 51 out of 51 (100%).
Fri May 12 17:26:52 Saved as file BACKUP1.MAX
Fri May 12 17:26:52 No new connections routed.
Fri May 12 17:26:52 Total is now 51 out of 101 (50%).
Fri May 12 17:26:52 Saved as file SWEEP1.MAX
Fri May 12 17:26:56 Saved as file BACKUP1.MAX
Fri May 12 17:26:56 Routed 50 connections in 4 seconds.
Fri May 12 17:26:56 Total is now 101 out of 101 (100%).
Fri May 12 17:26:56 Saved as file SWEEP2.MAX
Fri May 12 17:26:56 No new connections routed.
Fri May 12 17:26:56 Total is now 101 out of 101 (100%).
Fri May 12 17:26:56 Saved as file SWEEP3.MAX
Fri May 12 17:26:56 No new connections routed.
Fri May 12 17:26:56 Total is now 101 out of 101 (100%).
Fri May 12 17:26:56 Saved as file SWEEP4.MAX
Fri May 12 17:26:56 No new connections routed.
Fri May 12 17:26:56 Total is now 101 out of 101 (100%).
Fri May 12 17:26:56 Saved as file SWEEP5.MAX
Fri May 12 17:28:10 Saved as file C:\DOCUMENTS AND SETTINGS\TASOS\DESKTOP\4\LAYOUT\DESIGN1.MAX
Fri May 12 17:29:22 Loaded file C:\DOCUMENTS AND SETTINGS\TASOS\DESKTOP\4\LAYOUT\DESIGN1.MAX
